{"/home/agent/.openclaw/workspace/projects/popcorns/app/app/_layout.tsx": {"path":"/home/agent/.openclaw/workspace/projects/popcorns/app/app/_layout.tsx","statementMap":{"0":{"start":{"line":13,"column":2},"end":{"line":45,"column":4}}},"fnMap":{"0":{"name":"RootLayout","decl":{"start":{"line":12,"column":24},"end":{"line":12,"column":34}},"loc":{"start":{"line":12,"column":37},"end":{"line":46,"column":1}},"line":12}},"branchMap":{},"s":{"0":0},"f":{"0":0},"b":{}}
,"/home/agent/.openclaw/workspace/projects/popcorns/app/app/(tabs)/_layout.tsx": {"path":"/home/agent/.openclaw/workspace/projects/popcorns/app/app/(tabs)/_layout.tsx","statementMap":{"0":{"start":{"line":11,"column":2},"end":{"line":57,"column":4}},"1":{"start":{"line":32,"column":37},"end":{"line":32,"column":77}},"2":{"start":{"line":39,"column":37},"end":{"line":39,"column":77}},"3":{"start":{"line":46,"column":37},"end":{"line":46,"column":77}},"4":{"start":{"line":53,"column":37},"end":{"line":53,"column":77}}},"fnMap":{"0":{"name":"TabsLayout","decl":{"start":{"line":10,"column":24},"end":{"line":10,"column":34}},"loc":{"start":{"line":10,"column":37},"end":{"line":58,"column":1}},"line":10},"1":{"name":"(anonymous_1)","decl":{"start":{"line":32,"column":22},"end":{"line":32,"column":23}},"loc":{"start":{"line":32,"column":37},"end":{"line":32,"column":77}},"line":32},"2":{"name":"(anonymous_2)","decl":{"start":{"line":39,"column":22},"end":{"line":39,"column":23}},"loc":{"start":{"line":39,"column":37},"end":{"line":39,"column":77}},"line":39},"3":{"name":"(anonymous_3)","decl":{"start":{"line":46,"column":22},"end":{"line":46,"column":23}},"loc":{"start":{"line":46,"column":37},"end":{"line":46,"column":77}},"line":46},"4":{"name":"(anonymous_4)","decl":{"start":{"line":53,"column":22},"end":{"line":53,"column":23}},"loc":{"start":{"line":53,"column":37},"end":{"line":53,"column":77}},"line":53}},"branchMap":{},"s":{"0":0,"1":0,"2":0,"3":0,"4":0},"f":{"0":0,"1":0,"2":0,"3":0,"4":0},"b":{}}
,"/home/agent/.openclaw/workspace/projects/popcorns/app/app/(tabs)/index.tsx": {"path":"/home/agent/.openclaw/workspace/projects/popcorns/app/app/(tabs)/index.tsx","statementMap":{"0":{"start":{"line":41,"column":24},"end":{"line":41,"column":34}},"1":{"start":{"line":42,"column":30},"end":{"line":42,"column":51}},"2":{"start":{"line":43,"column":32},"end":{"line":43,"column":46}},"3":{"start":{"line":44,"column":40},"end":{"line":44,"column":55}},"4":{"start":{"line":45,"column":28},"end":{"line":45,"column":57}},"5":{"start":{"line":46,"column":40},"end":{"line":46,"column":51}},"6":{"start":{"line":47,"column":32},"end":{"line":47,"column":46}},"7":{"start":{"line":48,"column":40},"end":{"line":48,"column":51}},"8":{"start":{"line":49,"column":38},"end":{"line":49,"column":49}},"9":{"start":{"line":52,"column":32},"end":{"line":54,"column":4}},"10":{"start":{"line":55,"column":54},"end":{"line":55,"column":69}},"11":{"start":{"line":56,"column":40},"end":{"line":56,"column":73}},"12":{"start":{"line":59,"column":30},"end":{"line":59,"column":51}},"13":{"start":{"line":60,"column":44},"end":{"line":60,"column":59}},"14":{"start":{"line":63,"column":50},"end":{"line":63,"column":62}},"15":{"start":{"line":64,"column":54},"end":{"line":64,"column":76}},"16":{"start":{"line":65,"column":48},"end":{"line":65,"column":63}},"17":{"start":{"line":66,"column":29},"end":{"line":66,"column":64}},"18":{"start":{"line":69,"column":21},"end":{"line":79,"column":3}},"19":{"start":{"line":70,"column":4},"end":{"line":70,"column":27}},"20":{"start":{"line":71,"column":4},"end":{"line":78,"column":5}},"21":{"start":{"line":72,"column":24},"end":{"line":72,"column":46}},"22":{"start":{"line":73,"column":6},"end":{"line":73,"column":27}},"23":{"start":{"line":75,"column":6},"end":{"line":75,"column":52}},"24":{"start":{"line":77,"column":6},"end":{"line":77,"column":30}},"25":{"start":{"line":81,"column":27},"end":{"line":89,"column":3}},"26":{"start":{"line":82,"column":4},"end":{"line":88,"column":6}},"27":{"start":{"line":91,"column":28},"end":{"line":95,"column":3}},"28":{"start":{"line":92,"column":26},"end":{"line":92,"column":61}},"29":{"start":{"line":93,"column":4},"end":{"line":93,"column":33}},"30":{"start":{"line":94,"column":4},"end":{"line":94,"column":39}},"31":{"start":{"line":98,"column":2},"end":{"line":100,"column":9}},"32":{"start":{"line":99,"column":4},"end":{"line":99,"column":24}},"33":{"start":{"line":102,"column":2},"end":{"line":106,"column":27}},"34":{"start":{"line":103,"column":4},"end":{"line":105,"column":5}},"35":{"start":{"line":104,"column":6},"end":{"line":104,"column":19}},"36":{"start":{"line":109,"column":2},"end":{"line":136,"column":25}},"37":{"start":{"line":110,"column":4},"end":{"line":112,"column":5}},"38":{"start":{"line":111,"column":6},"end":{"line":111,"column":47}},"39":{"start":{"line":114,"column":4},"end":{"line":117,"column":5}},"40":{"start":{"line":115,"column":6},"end":{"line":115,"column":32}},"41":{"start":{"line":116,"column":6},"end":{"line":116,"column":13}},"42":{"start":{"line":119,"column":4},"end":{"line":129,"column":12}},"43":{"start":{"line":120,"column":6},"end":{"line":120,"column":31}},"44":{"start":{"line":121,"column":6},"end":{"line":128,"column":7}},"45":{"start":{"line":122,"column":24},"end":{"line":122,"column":65}},"46":{"start":{"line":123,"column":8},"end":{"line":123,"column":52}},"47":{"start":{"line":125,"column":8},"end":{"line":125,"column":56}},"48":{"start":{"line":127,"column":8},"end":{"line":127,"column":34}},"49":{"start":{"line":131,"column":4},"end":{"line":135,"column":6}},"50":{"start":{"line":132,"column":6},"end":{"line":134,"column":7}},"51":{"start":{"line":133,"column":8},"end":{"line":133,"column":49}},"52":{"start":{"line":138,"column":21},"end":{"line":191,"column":3}},"53":{"start":{"line":139,"column":4},"end":{"line":190,"column":5}},"54":{"start":{"line":140,"column":6},"end":{"line":144,"column":7}},"55":{"start":{"line":141,"column":8},"end":{"line":141,"column":25}},"56":{"start":{"line":143,"column":8},"end":{"line":143,"column":29}},"57":{"start":{"line":145,"column":6},"end":{"line":145,"column":21}},"58":{"start":{"line":149,"column":6},"end":{"line":173,"column":7}},"59":{"start":{"line":151,"column":23},"end":{"line":151,"column":40}},"60":{"start":{"line":152,"column":25},"end":{"line":160,"column":10}},"61":{"start":{"line":161,"column":8},"end":{"line":161,"column":38}},"62":{"start":{"line":162,"column":8},"end":{"line":162,"column":76}},"63":{"start":{"line":165,"column":26},"end":{"line":165,"column":92}},"64":{"start":{"line":166,"column":28},"end":{"line":166,"column":52}},"65":{"start":{"line":167,"column":25},"end":{"line":170,"column":10}},"66":{"start":{"line":171,"column":8},"end":{"line":171,"column":38}},"67":{"start":{"line":172,"column":8},"end":{"line":172,"column":25}},"68":{"start":{"line":175,"column":6},"end":{"line":180,"column":7}},"69":{"start":{"line":176,"column":8},"end":{"line":176,"column":30}},"70":{"start":{"line":177,"column":8},"end":{"line":177,"column":26}},"71":{"start":{"line":179,"column":8},"end":{"line":179,"column":54}},"72":{"start":{"line":179,"column":28},"end":{"line":179,"column":52}},"73":{"start":{"line":182,"column":6},"end":{"line":182,"column":27}},"74":{"start":{"line":183,"column":6},"end":{"line":183,"column":73}},"75":{"start":{"line":185,"column":6},"end":{"line":185,"column":40}},"76":{"start":{"line":186,"column":6},"end":{"line":186,"column":50}},"77":{"start":{"line":188,"column":6},"end":{"line":188,"column":24}},"78":{"start":{"line":189,"column":6},"end":{"line":189,"column":28}},"79":{"start":{"line":193,"column":24},"end":{"line":203,"column":3}},"80":{"start":{"line":194,"column":4},"end":{"line":202,"column":5}},"81":{"start":{"line":196,"column":6},"end":{"line":196,"column":26}},"82":{"start":{"line":199,"column":28},"end":{"line":199,"column":63}},"83":{"start":{"line":200,"column":6},"end":{"line":200,"column":35}},"84":{"start":{"line":201,"column":6},"end":{"line":201,"column":41}},"85":{"start":{"line":205,"column":26},"end":{"line":210,"column":3}},"86":{"start":{"line":206,"column":4},"end":{"line":206,"column":45}},"87":{"start":{"line":207,"column":21},"end":{"line":207,"column":36}},"88":{"start":{"line":208,"column":4},"end":{"line":208,"column":29}},"89":{"start":{"line":209,"column":4},"end":{"line":209,"column":36}},"90":{"start":{"line":212,"column":27},"end":{"line":230,"column":3}},"91":{"start":{"line":213,"column":4},"end":{"line":213,"column":42}},"92":{"start":{"line":214,"column":4},"end":{"line":226,"column":5}},"93":{"start":{"line":215,"column":6},"end":{"line":215,"column":44}},"94":{"start":{"line":216,"column":6},"end":{"line":219,"column":9}},"95":{"start":{"line":221,"column":6},"end":{"line":221,"column":58}},"96":{"start":{"line":222,"column":6},"end":{"line":225,"column":9}},"97":{"start":{"line":227,"column":21},"end":{"line":227,"column":36}},"98":{"start":{"line":228,"column":4},"end":{"line":228,"column":29}},"99":{"start":{"line":229,"column":4},"end":{"line":229,"column":36}},"100":{"start":{"line":232,"column":24},"end":{"line":250,"column":3}},"101":{"start":{"line":233,"column":4},"end":{"line":233,"column":47}},"102":{"start":{"line":234,"column":4},"end":{"line":246,"column":5}},"103":{"start":{"line":235,"column":6},"end":{"line":235,"column":43}},"104":{"start":{"line":236,"column":6},"end":{"line":239,"column":9}},"105":{"start":{"line":241,"column":6},"end":{"line":241,"column":58}},"106":{"start":{"line":242,"column":6},"end":{"line":245,"column":9}},"107":{"start":{"line":247,"column":21},"end":{"line":247,"column":36}},"108":{"start":{"line":248,"column":4},"end":{"line":248,"column":29}},"109":{"start":{"line":249,"column":4},"end":{"line":249,"column":36}},"110":{"start":{"line":252,"column":32},"end":{"line":266,"column":3}},"111":{"start":{"line":253,"column":28},"end":{"line":253,"column":62}},"112":{"start":{"line":255,"column":4},"end":{"line":265,"column":5}},"113":{"start":{"line":256,"column":6},"end":{"line":256,"column":77}},"114":{"start":{"line":257,"column":6},"end":{"line":264,"column":7}},"115":{"start":{"line":258,"column":8},"end":{"line":258,"column":36}},"116":{"start":{"line":261,"column":30},"end":{"line":261,"column":65}},"117":{"start":{"line":262,"column":8},"end":{"line":262,"column":37}},"118":{"start":{"line":263,"column":8},"end":{"line":263,"column":51}},"119":{"start":{"line":268,"column":26},"end":{"line":272,"column":3}},"120":{"start":{"line":269,"column":4},"end":{"line":269,"column":35}},"121":{"start":{"line":270,"column":4},"end":{"line":270,"column":49}},"122":{"start":{"line":271,"column":4},"end":{"line":271,"column":32}},"123":{"start":{"line":274,"column":23},"end":{"line":279,"column":3}},"124":{"start":{"line":275,"column":4},"end":{"line":275,"column":35}},"125":{"start":{"line":276,"column":4},"end":{"line":276,"column":33}},"126":{"start":{"line":277,"column":4},"end":{"line":277,"column":22}},"127":{"start":{"line":278,"column":4},"end":{"line":278,"column":24}},"128":{"start":{"line":281,"column":26},"end":{"line":292,"column":3}},"129":{"start":{"line":282,"column":34},"end":{"line":282,"column":48}},"130":{"start":{"line":283,"column":4},"end":{"line":283,"column":29}},"131":{"start":{"line":284,"column":4},"end":{"line":284,"column":33}},"132":{"start":{"line":285,"column":4},"end":{"line":285,"column":33}},"133":{"start":{"line":286,"column":4},"end":{"line":286,"column":28}},"134":{"start":{"line":289,"column":26},"end":{"line":289,"column":61}},"135":{"start":{"line":290,"column":4},"end":{"line":290,"column":33}},"136":{"start":{"line":291,"column":4},"end":{"line":291,"column":39}},"137":{"start":{"line":294,"column":23},"end":{"line":324,"column":3}},"138":{"start":{"line":295,"column":27},"end":{"line":295,"column":41}},"139":{"start":{"line":296,"column":4},"end":{"line":306,"column":5}},"140":{"start":{"line":297,"column":6},"end":{"line":297,"column":33}},"141":{"start":{"line":298,"column":11},"end":{"line":306,"column":5}},"142":{"start":{"line":299,"column":6},"end":{"line":299,"column":36}},"143":{"start":{"line":300,"column":6},"end":{"line":300,"column":38}},"144":{"start":{"line":301,"column":11},"end":{"line":306,"column":5}},"145":{"start":{"line":302,"column":6},"end":{"line":302,"column":37}},"146":{"start":{"line":303,"column":6},"end":{"line":303,"column":41}},"147":{"start":{"line":305,"column":6},"end":{"line":305,"column":39}},"148":{"start":{"line":307,"column":4},"end":{"line":307,"column":31}},"149":{"start":{"line":311,"column":6},"end":{"line":315,"column":44}},"150":{"start":{"line":317,"column":4},"end":{"line":323,"column":5}},"151":{"start":{"line":318,"column":28},"end":{"line":318,"column":63}},"152":{"start":{"line":319,"column":6},"end":{"line":319,"column":35}},"153":{"start":{"line":320,"column":6},"end":{"line":320,"column":41}},"154":{"start":{"line":322,"column":6},"end":{"line":322,"column":26}},"155":{"start":{"line":326,"column":22},"end":{"line":341,"column":3}},"156":{"start":{"line":327,"column":4},"end":{"line":340,"column":7}},"157":{"start":{"line":328,"column":25},"end":{"line":328,"column":53}},"158":{"start":{"line":329,"column":6},"end":{"line":339,"column":7}},"159":{"start":{"line":330,"column":8},"end":{"line":333,"column":10}},"160":{"start":{"line":332,"column":45},"end":{"line":332,"column":59}},"161":{"start":{"line":335,"column":8},"end":{"line":338,"column":10}},"162":{"start":{"line":343,"column":22},"end":{"line":351,"column":3}},"163":{"start":{"line":344,"column":4},"end":{"line":348,"column":8}},"164":{"start":{"line":344,"column":30},"end":{"line":348,"column":5}},"165":{"start":{"line":349,"column":4},"end":{"line":349,"column":36}},"166":{"start":{"line":350,"column":4},"end":{"line":350,"column":30}},"167":{"start":{"line":353,"column":21},"end":{"line":362,"column":3}},"168":{"start":{"line":354,"column":4},"end":{"line":359,"column":7}},"169":{"start":{"line":355,"column":22},"end":{"line":355,"column":33}},"170":{"start":{"line":356,"column":6},"end":{"line":356,"column":29}},"171":{"start":{"line":357,"column":6},"end":{"line":357,"column":31}},"172":{"start":{"line":358,"column":6},"end":{"line":358,"column":21}},"173":{"start":{"line":360,"column":4},"end":{"line":360,"column":28}},"174":{"start":{"line":361,"column":4},"end":{"line":361,"column":30}},"175":{"start":{"line":364,"column":25},"end":{"line":370,"column":3}},"176":{"start":{"line":365,"column":4},"end":{"line":369,"column":8}},"177":{"start":{"line":365,"column":30},"end":{"line":369,"column":5}},"178":{"start":{"line":372,"column":2},"end":{"line":389,"column":3}},"179":{"start":{"line":373,"column":4},"end":{"line":388,"column":6}},"180":{"start":{"line":391,"column":2},"end":{"line":397,"column":3}},"181":{"start":{"line":392,"column":4},"end":{"line":396,"column":6}},"182":{"start":{"line":399,"column":2},"end":{"line":670,"column":4}},"183":{"start":{"line":425,"column":31},"end":{"line":425,"column":53}},"184":{"start":{"line":428,"column":46},"end":{"line":428,"column":83}},"185":{"start":{"line":428,"column":65},"end":{"line":428,"column":76}},"186":{"start":{"line":436,"column":31},"end":{"line":436,"column":51}},"187":{"start":{"line":445,"column":31},"end":{"line":445,"column":54}},"188":{"start":{"line":454,"column":31},"end":{"line":454,"column":55}},"189":{"start":{"line":463,"column":31},"end":{"line":463,"column":56}},"190":{"start":{"line":509,"column":30},"end":{"line":509,"column":58}},"191":{"start":{"line":515,"column":47},"end":{"line":515,"column":75}},"192":{"start":{"line":529,"column":22},"end":{"line":545,"column":41}},"193":{"start":{"line":535,"column":39},"end":{"line":535,"column":60}},"194":{"start":{"line":561,"column":33},"end":{"line":561,"column":47}},"195":{"start":{"line":562,"column":20},"end":{"line":565,"column":24}},"196":{"start":{"line":562,"column":46},"end":{"line":565,"column":21}},"197":{"start":{"line":594,"column":22},"end":{"line":601,"column":41}},"198":{"start":{"line":597,"column":39},"end":{"line":597,"column":57}},"199":{"start":{"line":612,"column":20},"end":{"line":628,"column":39}},"200":{"start":{"line":618,"column":37},"end":{"line":618,"column":61}},"201":{"start":{"line":645,"column":20},"end":{"line":648,"column":23}},"202":{"start":{"line":645,"column":46},"end":{"line":648,"column":21}},"203":{"start":{"line":673,"column":15},"end":{"line":940,"column":2}}},"fnMap":{"0":{"name":"DiscoveryScreen","decl":{"start":{"line":40,"column":24},"end":{"line":40,"column":39}},"loc":{"start":{"line":40,"column":42},"end":{"line":671,"column":1}},"line":40},"1":{"name":"(anonymous_1)","decl":{"start":{"line":69,"column":21},"end":{"line":69,"column":22}},"loc":{"start":{"line":69,"column":33},"end":{"line":79,"column":3}},"line":69},"2":{"name":"(anonymous_2)","decl":{"start":{"line":81,"column":27},"end":{"line":81,"column":28}},"loc":{"start":{"line":81,"column":33},"end":{"line":89,"column":3}},"line":81},"3":{"name":"(anonymous_3)","decl":{"start":{"line":91,"column":28},"end":{"line":91,"column":29}},"loc":{"start":{"line":91,"column":40},"end":{"line":95,"column":3}},"line":91},"4":{"name":"(anonymous_4)","decl":{"start":{"line":98,"column":12},"end":{"line":98,"column":13}},"loc":{"start":{"line":98,"column":18},"end":{"line":100,"column":3}},"line":98},"5":{"name":"(anonymous_5)","decl":{"start":{"line":102,"column":12},"end":{"line":102,"column":13}},"loc":{"start":{"line":102,"column":18},"end":{"line":106,"column":3}},"line":102},"6":{"name":"(anonymous_6)","decl":{"start":{"line":109,"column":12},"end":{"line":109,"column":13}},"loc":{"start":{"line":109,"column":18},"end":{"line":136,"column":3}},"line":109},"7":{"name":"(anonymous_7)","decl":{"start":{"line":119,"column":44},"end":{"line":119,"column":45}},"loc":{"start":{"line":119,"column":56},"end":{"line":129,"column":5}},"line":119},"8":{"name":"(anonymous_8)","decl":{"start":{"line":131,"column":11},"end":{"line":131,"column":12}},"loc":{"start":{"line":131,"column":17},"end":{"line":135,"column":5}},"line":131},"9":{"name":"(anonymous_9)","decl":{"start":{"line":138,"column":21},"end":{"line":138,"column":22}},"loc":{"start":{"line":138,"column":78},"end":{"line":191,"column":3}},"line":138},"10":{"name":"(anonymous_10)","decl":{"start":{"line":179,"column":18},"end":{"line":179,"column":19}},"loc":{"start":{"line":179,"column":28},"end":{"line":179,"column":52}},"line":179},"11":{"name":"(anonymous_11)","decl":{"start":{"line":193,"column":24},"end":{"line":193,"column":25}},"loc":{"start":{"line":193,"column":36},"end":{"line":203,"column":3}},"line":193},"12":{"name":"(anonymous_12)","decl":{"start":{"line":205,"column":26},"end":{"line":205,"column":27}},"loc":{"start":{"line":205,"column":44},"end":{"line":210,"column":3}},"line":205},"13":{"name":"(anonymous_13)","decl":{"start":{"line":212,"column":27},"end":{"line":212,"column":28}},"loc":{"start":{"line":212,"column":51},"end":{"line":230,"column":3}},"line":212},"14":{"name":"(anonymous_14)","decl":{"start":{"line":232,"column":24},"end":{"line":232,"column":25}},"loc":{"start":{"line":232,"column":48},"end":{"line":250,"column":3}},"line":232},"15":{"name":"(anonymous_15)","decl":{"start":{"line":252,"column":32},"end":{"line":252,"column":33}},"loc":{"start":{"line":252,"column":64},"end":{"line":266,"column":3}},"line":252},"16":{"name":"(anonymous_16)","decl":{"start":{"line":268,"column":26},"end":{"line":268,"column":27}},"loc":{"start":{"line":268,"column":32},"end":{"line":272,"column":3}},"line":268},"17":{"name":"(anonymous_17)","decl":{"start":{"line":274,"column":23},"end":{"line":274,"column":24}},"loc":{"start":{"line":274,"column":35},"end":{"line":279,"column":3}},"line":274},"18":{"name":"(anonymous_18)","decl":{"start":{"line":281,"column":26},"end":{"line":281,"column":27}},"loc":{"start":{"line":281,"column":38},"end":{"line":292,"column":3}},"line":281},"19":{"name":"(anonymous_19)","decl":{"start":{"line":294,"column":23},"end":{"line":294,"column":24}},"loc":{"start":{"line":294,"column":59},"end":{"line":324,"column":3}},"line":294},"20":{"name":"(anonymous_20)","decl":{"start":{"line":326,"column":22},"end":{"line":326,"column":23}},"loc":{"start":{"line":326,"column":43},"end":{"line":341,"column":3}},"line":326},"21":{"name":"(anonymous_21)","decl":{"start":{"line":327,"column":19},"end":{"line":327,"column":20}},"loc":{"start":{"line":327,"column":29},"end":{"line":340,"column":5}},"line":327},"22":{"name":"(anonymous_22)","decl":{"start":{"line":332,"column":37},"end":{"line":332,"column":38}},"loc":{"start":{"line":332,"column":45},"end":{"line":332,"column":59}},"line":332},"23":{"name":"(anonymous_23)","decl":{"start":{"line":343,"column":22},"end":{"line":343,"column":23}},"loc":{"start":{"line":343,"column":41},"end":{"line":351,"column":3}},"line":343},"24":{"name":"(anonymous_24)","decl":{"start":{"line":344,"column":19},"end":{"line":344,"column":20}},"loc":{"start":{"line":344,"column":30},"end":{"line":348,"column":5}},"line":344},"25":{"name":"(anonymous_25)","decl":{"start":{"line":353,"column":21},"end":{"line":353,"column":22}},"loc":{"start":{"line":353,"column":27},"end":{"line":362,"column":3}},"line":353},"26":{"name":"(anonymous_26)","decl":{"start":{"line":354,"column":19},"end":{"line":354,"column":20}},"loc":{"start":{"line":354,"column":29},"end":{"line":359,"column":5}},"line":354},"27":{"name":"(anonymous_27)","decl":{"start":{"line":364,"column":25},"end":{"line":364,"column":26}},"loc":{"start":{"line":364,"column":71},"end":{"line":370,"column":3}},"line":364},"28":{"name":"(anonymous_28)","decl":{"start":{"line":365,"column":19},"end":{"line":365,"column":20}},"loc":{"start":{"line":365,"column":30},"end":{"line":369,"column":5}},"line":365},"29":{"name":"(anonymous_29)","decl":{"start":{"line":425,"column":25},"end":{"line":425,"column":26}},"loc":{"start":{"line":425,"column":31},"end":{"line":425,"column":53}},"line":425},"30":{"name":"(anonymous_30)","decl":{"start":{"line":428,"column":38},"end":{"line":428,"column":39}},"loc":{"start":{"line":428,"column":46},"end":{"line":428,"column":83}},"line":428},"31":{"name":"(anonymous_31)","decl":{"start":{"line":428,"column":58},"end":{"line":428,"column":59}},"loc":{"start":{"line":428,"column":65},"end":{"line":428,"column":76}},"line":428},"32":{"name":"(anonymous_32)","decl":{"start":{"line":436,"column":25},"end":{"line":436,"column":26}},"loc":{"start":{"line":436,"column":31},"end":{"line":436,"column":51}},"line":436},"33":{"name":"(anonymous_33)","decl":{"start":{"line":445,"column":25},"end":{"line":445,"column":26}},"loc":{"start":{"line":445,"column":31},"end":{"line":445,"column":54}},"line":445},"34":{"name":"(anonymous_34)","decl":{"start":{"line":454,"column":25},"end":{"line":454,"column":26}},"loc":{"start":{"line":454,"column":31},"end":{"line":454,"column":55}},"line":454},"35":{"name":"(anonymous_35)","decl":{"start":{"line":463,"column":25},"end":{"line":463,"column":26}},"loc":{"start":{"line":463,"column":31},"end":{"line":463,"column":56}},"line":463},"36":{"name":"(anonymous_36)","decl":{"start":{"line":509,"column":24},"end":{"line":509,"column":25}},"loc":{"start":{"line":509,"column":30},"end":{"line":509,"column":58}},"line":509},"37":{"name":"(anonymous_37)","decl":{"start":{"line":515,"column":41},"end":{"line":515,"column":42}},"loc":{"start":{"line":515,"column":47},"end":{"line":515,"column":75}},"line":515},"38":{"name":"(anonymous_38)","decl":{"start":{"line":528,"column":32},"end":{"line":528,"column":33}},"loc":{"start":{"line":529,"column":22},"end":{"line":545,"column":41}},"line":529},"39":{"name":"(anonymous_39)","decl":{"start":{"line":535,"column":33},"end":{"line":535,"column":34}},"loc":{"start":{"line":535,"column":39},"end":{"line":535,"column":60}},"line":535},"40":{"name":"(anonymous_40)","decl":{"start":{"line":560,"column":32},"end":{"line":560,"column":33}},"loc":{"start":{"line":560,"column":42},"end":{"line":566,"column":19}},"line":560},"41":{"name":"(anonymous_41)","decl":{"start":{"line":562,"column":35},"end":{"line":562,"column":36}},"loc":{"start":{"line":562,"column":46},"end":{"line":565,"column":21}},"line":562},"42":{"name":"(anonymous_42)","decl":{"start":{"line":593,"column":44},"end":{"line":593,"column":45}},"loc":{"start":{"line":594,"column":22},"end":{"line":601,"column":41}},"line":594},"43":{"name":"(anonymous_43)","decl":{"start":{"line":597,"column":33},"end":{"line":597,"column":34}},"loc":{"start":{"line":597,"column":39},"end":{"line":597,"column":57}},"line":597},"44":{"name":"(anonymous_44)","decl":{"start":{"line":611,"column":52},"end":{"line":611,"column":53}},"loc":{"start":{"line":612,"column":20},"end":{"line":628,"column":39}},"line":612},"45":{"name":"(anonymous_45)","decl":{"start":{"line":618,"column":31},"end":{"line":618,"column":32}},"loc":{"start":{"line":618,"column":37},"end":{"line":618,"column":61}},"line":618},"46":{"name":"(anonymous_46)","decl":{"start":{"line":644,"column":33},"end":{"line":644,"column":34}},"loc":{"start":{"line":645,"column":20},"end":{"line":648,"column":23}},"line":645},"47":{"name":"(anonymous_47)","decl":{"start":{"line":645,"column":35},"end":{"line":645,"column":36}},"loc":{"start":{"line":645,"column":46},"end":{"line":648,"column":21}},"line":645}},"branchMap":{"0":{"loc":{"start":{"line":83,"column":6},"end":{"line":87,"column":37}},"type":"binary-expr","locations":[{"start":{"line":83,"column":6},"end":{"line":83,"column":31}},{"start":{"line":84,"column":6},"end":{"line":84,"column":32}},{"start":{"line":85,"column":6},"end":{"line":85,"column":35}},{"start":{"line":86,"column":6},"end":{"line":86,"column":36}},{"start":{"line":87,"column":6},"end":{"line":87,"column":37}}],"line":83},"1":{"loc":{"start":{"line":103,"column":4},"end":{"line":105,"column":5}},"type":"if","locations":[{"start":{"line":103,"column":4},"end":{"line":105,"column":5}},{"start":{},"end":{}}],"line":103},"2":{"loc":{"start":{"line":103,"column":8},"end":{"line":103,"column":49}},"type":"binary-expr","locations":[{"start":{"line":103,"column":8},"end":{"line":103,"column":26}},{"start":{"line":103,"column":30},"end":{"line":103,"column":49}}],"line":103},"3":{"loc":{"start":{"line":110,"column":4},"end":{"line":112,"column":5}},"type":"if","locations":[{"start":{"line":110,"column":4},"end":{"line":112,"column":5}},{"start":{},"end":{}}],"line":110},"4":{"loc":{"start":{"line":114,"column":4},"end":{"line":117,"column":5}},"type":"if","locations":[{"start":{"line":114,"column":4},"end":{"line":117,"column":5}},{"start":{},"end":{}}],"line":114},"5":{"loc":{"start":{"line":132,"column":6},"end":{"line":134,"column":7}},"type":"if","locations":[{"start":{"line":132,"column":6},"end":{"line":134,"column":7}},{"start":{},"end":{}}],"line":132},"6":{"loc":{"start":{"line":138,"column":28},"end":{"line":138,"column":44}},"type":"default-arg","locations":[{"start":{"line":138,"column":43},"end":{"line":138,"column":44}}],"line":138},"7":{"loc":{"start":{"line":140,"column":6},"end":{"line":144,"column":7}},"type":"if","locations":[{"start":{"line":140,"column":6},"end":{"line":144,"column":7}},{"start":{"line":142,"column":13},"end":{"line":144,"column":7}}],"line":140},"8":{"loc":{"start":{"line":149,"column":6},"end":{"line":173,"column":7}},"type":"if","locations":[{"start":{"line":149,"column":6},"end":{"line":173,"column":7}},{"start":{"line":163,"column":13},"end":{"line":173,"column":7}}],"line":149},"9":{"loc":{"start":{"line":153,"column":18},"end":{"line":153,"column":72}},"type":"cond-expr","locations":[{"start":{"line":153,"column":46},"end":{"line":153,"column":60}},{"start":{"line":153,"column":63},"end":{"line":153,"column":72}}],"line":153},"10":{"loc":{"start":{"line":162,"column":19},"end":{"line":162,"column":74}},"type":"binary-expr","locations":[{"start":{"line":162,"column":19},"end":{"line":162,"column":46}},{"start":{"line":162,"column":50},"end":{"line":162,"column":74}}],"line":162},"11":{"loc":{"start":{"line":165,"column":26},"end":{"line":165,"column":92}},"type":"cond-expr","locations":[{"start":{"line":165,"column":61},"end":{"line":165,"column":79}},{"start":{"line":165,"column":82},"end":{"line":165,"column":92}}],"line":165},"12":{"loc":{"start":{"line":175,"column":6},"end":{"line":180,"column":7}},"type":"if","locations":[{"start":{"line":175,"column":6},"end":{"line":180,"column":7}},{"start":{"line":178,"column":13},"end":{"line":180,"column":7}}],"line":175},"13":{"loc":{"start":{"line":194,"column":4},"end":{"line":202,"column":5}},"type":"if","locations":[{"start":{"line":194,"column":4},"end":{"line":202,"column":5}},{"start":{"line":197,"column":11},"end":{"line":202,"column":5}}],"line":194},"14":{"loc":{"start":{"line":255,"column":4},"end":{"line":265,"column":5}},"type":"if","locations":[{"start":{"line":255,"column":4},"end":{"line":265,"column":5}},{"start":{},"end":{}}],"line":255},"15":{"loc":{"start":{"line":255,"column":8},"end":{"line":255,"column":55}},"type":"binary-expr","locations":[{"start":{"line":255,"column":8},"end":{"line":255,"column":28}},{"start":{"line":255,"column":32},"end":{"line":255,"column":39}},{"start":{"line":255,"column":43},"end":{"line":255,"column":55}}],"line":255},"16":{"loc":{"start":{"line":257,"column":6},"end":{"line":264,"column":7}},"type":"if","locations":[{"start":{"line":257,"column":6},"end":{"line":264,"column":7}},{"start":{"line":259,"column":13},"end":{"line":264,"column":7}}],"line":257},"17":{"loc":{"start":{"line":270,"column":24},"end":{"line":270,"column":47}},"type":"binary-expr","locations":[{"start":{"line":270,"column":24},"end":{"line":270,"column":41}},{"start":{"line":270,"column":45},"end":{"line":270,"column":47}}],"line":270},"18":{"loc":{"start":{"line":296,"column":4},"end":{"line":306,"column":5}},"type":"if","locations":[{"start":{"line":296,"column":4},"end":{"line":306,"column":5}},{"start":{"line":298,"column":11},"end":{"line":306,"column":5}}],"line":296},"19":{"loc":{"start":{"line":298,"column":11},"end":{"line":306,"column":5}},"type":"if","locations":[{"start":{"line":298,"column":11},"end":{"line":306,"column":5}},{"start":{"line":301,"column":11},"end":{"line":306,"column":5}}],"line":298},"20":{"loc":{"start":{"line":301,"column":11},"end":{"line":306,"column":5}},"type":"if","locations":[{"start":{"line":301,"column":11},"end":{"line":306,"column":5}},{"start":{"line":304,"column":11},"end":{"line":306,"column":5}}],"line":301},"21":{"loc":{"start":{"line":311,"column":6},"end":{"line":315,"column":44}},"type":"binary-expr","locations":[{"start":{"line":311,"column":6},"end":{"line":311,"column":40}},{"start":{"line":312,"column":6},"end":{"line":312,"column":26}},{"start":{"line":313,"column":6},"end":{"line":313,"column":29}},{"start":{"line":314,"column":6},"end":{"line":314,"column":30}},{"start":{"line":315,"column":6},"end":{"line":315,"column":44}}],"line":311},"22":{"loc":{"start":{"line":317,"column":4},"end":{"line":323,"column":5}},"type":"if","locations":[{"start":{"line":317,"column":4},"end":{"line":323,"column":5}},{"start":{"line":321,"column":11},"end":{"line":323,"column":5}}],"line":317},"23":{"loc":{"start":{"line":329,"column":6},"end":{"line":339,"column":7}},"type":"if","locations":[{"start":{"line":329,"column":6},"end":{"line":339,"column":7}},{"start":{"line":334,"column":13},"end":{"line":339,"column":7}}],"line":329},"24":{"loc":{"start":{"line":372,"column":2},"end":{"line":389,"column":3}},"type":"if","locations":[{"start":{"line":372,"column":2},"end":{"line":389,"column":3}},{"start":{},"end":{}}],"line":372},"25":{"loc":{"start":{"line":391,"column":2},"end":{"line":397,"column":3}},"type":"if","locations":[{"start":{"line":391,"column":2},"end":{"line":397,"column":3}},{"start":{},"end":{}}],"line":391},"26":{"loc":{"start":{"line":406,"column":15},"end":{"line":406,"column":47}},"type":"cond-expr","locations":[{"start":{"line":406,"column":36},"end":{"line":406,"column":40}},{"start":{"line":406,"column":43},"end":{"line":406,"column":47}}],"line":406},"27":{"loc":{"start":{"line":411,"column":11},"end":{"line":411,"column":76}},"type":"cond-expr","locations":[{"start":{"line":411,"column":32},"end":{"line":411,"column":50}},{"start":{"line":411,"column":53},"end":{"line":411,"column":76}}],"line":411},"28":{"loc":{"start":{"line":415,"column":9},"end":{"line":470,"column":9}},"type":"binary-expr","locations":[{"start":{"line":415,"column":9},"end":{"line":415,"column":27}},{"start":{"line":416,"column":10},"end":{"line":469,"column":23}}],"line":415},"29":{"loc":{"start":{"line":422,"column":13},"end":{"line":432,"column":13}},"type":"binary-expr","locations":[{"start":{"line":422,"column":13},"end":{"line":422,"column":38}},{"start":{"line":423,"column":14},"end":{"line":431,"column":33}}],"line":422},"30":{"loc":{"start":{"line":433,"column":13},"end":{"line":441,"column":13}},"type":"binary-expr","locations":[{"start":{"line":433,"column":13},"end":{"line":433,"column":25}},{"start":{"line":434,"column":14},"end":{"line":440,"column":33}}],"line":433},"31":{"loc":{"start":{"line":442,"column":13},"end":{"line":450,"column":13}},"type":"binary-expr","locations":[{"start":{"line":442,"column":13},"end":{"line":442,"column":30}},{"start":{"line":443,"column":14},"end":{"line":449,"column":33}}],"line":442},"32":{"loc":{"start":{"line":451,"column":13},"end":{"line":459,"column":13}},"type":"binary-expr","locations":[{"start":{"line":451,"column":13},"end":{"line":451,"column":33}},{"start":{"line":452,"column":14},"end":{"line":458,"column":33}}],"line":451},"33":{"loc":{"start":{"line":460,"column":13},"end":{"line":468,"column":13}},"type":"binary-expr","locations":[{"start":{"line":460,"column":13},"end":{"line":460,"column":44}},{"start":{"line":461,"column":14},"end":{"line":467,"column":33}}],"line":460},"34":{"loc":{"start":{"line":481,"column":9},"end":{"line":501,"column":9}},"type":"cond-expr","locations":[{"start":{"line":482,"column":10},"end":{"line":485,"column":17}},{"start":{"line":487,"column":10},"end":{"line":500,"column":13}}],"line":481},"35":{"loc":{"start":{"line":524,"column":17},"end":{"line":548,"column":17}},"type":"cond-expr","locations":[{"start":{"line":525,"column":18},"end":{"line":525,"column":75}},{"start":{"line":527,"column":18},"end":{"line":547,"column":31}}],"line":524},"36":{"loc":{"start":{"line":533,"column":26},"end":{"line":533,"column":91}},"type":"binary-expr","locations":[{"start":{"line":533,"column":26},"end":{"line":533,"column":63}},{"start":{"line":533,"column":67},"end":{"line":533,"column":91}}],"line":533},"37":{"loc":{"start":{"line":540,"column":28},"end":{"line":540,"column":97}},"type":"binary-expr","locations":[{"start":{"line":540,"column":28},"end":{"line":540,"column":65}},{"start":{"line":540,"column":69},"end":{"line":540,"column":97}}],"line":540},"38":{"loc":{"start":{"line":559,"column":25},"end":{"line":559,"column":59}},"type":"binary-expr","locations":[{"start":{"line":559,"column":25},"end":{"line":559,"column":53}},{"start":{"line":559,"column":57},"end":{"line":559,"column":59}}],"line":559},"39":{"loc":{"start":{"line":564,"column":28},"end":{"line":564,"column":58}},"type":"cond-expr","locations":[{"start":{"line":564,"column":42},"end":{"line":564,"column":51}},{"start":{"line":564,"column":54},"end":{"line":564,"column":58}}],"line":564},"40":{"loc":{"start":{"line":574,"column":19},"end":{"line":578,"column":19}},"type":"binary-expr","locations":[{"start":{"line":574,"column":19},"end":{"line":574,"column":38}},{"start":{"line":575,"column":20},"end":{"line":577,"column":39}}],"line":574},"41":{"loc":{"start":{"line":588,"column":17},"end":{"line":590,"column":17}},"type":"binary-expr","locations":[{"start":{"line":588,"column":17},"end":{"line":588,"column":32}},{"start":{"line":589,"column":18},"end":{"line":589,"column":100}}],"line":588},"42":{"loc":{"start":{"line":591,"column":17},"end":{"line":604,"column":17}},"type":"binary-expr","locations":[{"start":{"line":591,"column":17},"end":{"line":591,"column":46}},{"start":{"line":591,"column":50},"end":{"line":591,"column":70}},{"start":{"line":592,"column":18},"end":{"line":603,"column":25}}],"line":591},"43":{"loc":{"start":{"line":616,"column":24},"end":{"line":616,"column":82}},"type":"binary-expr","locations":[{"start":{"line":616,"column":24},"end":{"line":616,"column":51}},{"start":{"line":616,"column":55},"end":{"line":616,"column":82}}],"line":616},"44":{"loc":{"start":{"line":623,"column":26},"end":{"line":623,"column":88}},"type":"binary-expr","locations":[{"start":{"line":623,"column":26},"end":{"line":623,"column":53}},{"start":{"line":623,"column":57},"end":{"line":623,"column":88}}],"line":623},"45":{"loc":{"start":{"line":636,"column":35},"end":{"line":636,"column":77}},"type":"binary-expr","locations":[{"start":{"line":636,"column":35},"end":{"line":636,"column":68}},{"start":{"line":636,"column":72},"end":{"line":636,"column":77}}],"line":636},"46":{"loc":{"start":{"line":643,"column":25},"end":{"line":643,"column":51}},"type":"binary-expr","locations":[{"start":{"line":643,"column":25},"end":{"line":643,"column":46}},{"start":{"line":643,"column":50},"end":{"line":643,"column":51}}],"line":643},"47":{"loc":{"start":{"line":647,"column":33},"end":{"line":647,"column":62}},"type":"cond-expr","locations":[{"start":{"line":647,"column":45},"end":{"line":647,"column":50}},{"start":{"line":647,"column":53},"end":{"line":647,"column":62}}],"line":647}},"s":{"0":0,"1":0,"2":0,"3":0,"4":0,"5":0,"6":0,"7":0,"8":0,"9":0,"10":0,"11":0,"12":0,"13":0,"14":0,"15":0,"16":0,"17":0,"18":0,"19":0,"20":0,"21":0,"22":0,"23":0,"24":0,"25":0,"26":0,"27":0,"28":0,"29":0,"30":0,"31":0,"32":0,"33":0,"34":0,"35":0,"36":0,"37":0,"38":0,"39":0,"40":0,"41":0,"42":0,"43":0,"44":0,"45":0,"46":0,"47":0,"48":0,"49":0,"50":0,"51":0,"52":0,"53":0,"54":0,"55":0,"56":0,"57":0,"58":0,"59":0,"60":0,"61":0,"62":0,"63":0,"64":0,"65":0,"66":0,"67":0,"68":0,"69":0,"70":0,"71":0,"72":0,"73":0,"74":0,"75":0,"76":0,"77":0,"78":0,"79":0,"80":0,"81":0,"82":0,"83":0,"84":0,"85":0,"86":0,"87":0,"88":0,"89":0,"90":0,"91":0,"92":0,"93":0,"94":0,"95":0,"96":0,"97":0,"98":0,"99":0,"100":0,"101":0,"102":0,"103":0,"104":0,"105":0,"106":0,"107":0,"108":0,"109":0,"110":0,"111":0,"112":0,"113":0,"114":0,"115":0,"116":0,"117":0,"118":0,"119":0,"120":0,"121":0,"122":0,"123":0,"124":0,"125":0,"126":0,"127":0,"128":0,"129":0,"130":0,"131":0,"132":0,"133":0,"134":0,"135":0,"136":0,"137":0,"138":0,"139":0,"140":0,"141":0,"142":0,"143":0,"144":0,"145":0,"146":0,"147":0,"148":0,"149":0,"150":0,"151":0,"152":0,"153":0,"154":0,"155":0,"156":0,"157":0,"158":0,"159":0,"160":0,"161":0,"162":0,"163":0,"164":0,"165":0,"166":0,"167":0,"168":0,"169":0,"170":0,"171":0,"172":0,"173":0,"174":0,"175":0,"176":0,"177":0,"178":0,"179":0,"180":0,"181":0,"182":0,"183":0,"184":0,"185":0,"186":0,"187":0,"188":0,"189":0,"190":0,"191":0,"192":0,"193":0,"194":0,"195":0,"196":0,"197":0,"198":0,"199":0,"200":0,"201":0,"202":0,"203":0},"f":{"0":0,"1":0,"2":0,"3":0,"4":0,"5":0,"6":0,"7":0,"8":0,"9":0,"10":0,"11":0,"12":0,"13":0,"14":0,"15":0,"16":0,"17":0,"18":0,"19":0,"20":0,"21":0,"22":0,"23":0,"24":0,"25":0,"26":0,"27":0,"28":0,"29":0,"30":0,"31":0,"32":0,"33":0,"34":0,"35":0,"36":0,"37":0,"38":0,"39":0,"40":0,"41":0,"42":0,"43":0,"44":0,"45":0,"46":0,"47":0},"b":{"0":[0,0,0,0,0],"1":[0,0],"2":[0,0],"3":[0,0],"4":[0,0],"5":[0,0],"6":[0],"7":[0,0],"8":[0,0],"9":[0,0],"10":[0,0],"11":[0,0],"12":[0,0],"13":[0,0],"14":[0,0],"15":[0,0,0],"16":[0,0],"17":[0,0],"18":[0,0],"19":[0,0],"20":[0,0],"21":[0,0,0,0,0],"22":[0,0],"23":[0,0],"24":[0,0],"25":[0,0],"26":[0,0],"27":[0,0],"28":[0,0],"29":[0,0],"30":[0,0],"31":[0,0],"32":[0,0],"33":[0,0],"34":[0,0],"35":[0,0],"36":[0,0],"37":[0,0],"38":[0,0],"39":[0,0],"40":[0,0],"41":[0,0],"42":[0,0,0],"43":[0,0],"44":[0,0],"45":[0,0],"46":[0,0],"47":[0,0]}}
,"/home/agent/.openclaw/workspace/projects/popcorns/app/app/(tabs)/profile.tsx": {"path":"/home/agent/.openclaw/workspace/projects/popcorns/app/app/(tabs)/profile.tsx","statementMap":{"0":{"start":{"line":10,"column":2},"end":{"line":44,"column":4}},"1":{"start":{"line":47,"column":15},"end":{"line":116,"column":2}}},"fnMap":{"0":{"name":"ProfileScreen","decl":{"start":{"line":9,"column":24},"end":{"line":9,"column":37}},"loc":{"start":{"line":9,"column":40},"end":{"line":45,"column":1}},"line":9}},"branchMap":{},"s":{"0":0,"1":0},"f":{"0":0},"b":{}}
,"/home/agent/.openclaw/workspace/projects/popcorns/app/app/(tabs)/search.tsx": {"path":"/home/agent/.openclaw/workspace/projects/popcorns/app/app/(tabs)/search.tsx","statementMap":{"0":{"start":{"line":26,"column":17},"end":{"line":26,"column":28}},"1":{"start":{"line":27,"column":28},"end":{"line":27,"column":40}},"2":{"start":{"line":28,"column":32},"end":{"line":28,"column":53}},"3":{"start":{"line":29,"column":32},"end":{"line":29,"column":47}},"4":{"start":{"line":30,"column":40},"end":{"line":30,"column":55}},"5":{"start":{"line":33,"column":2},"end":{"line":57,"column":14}},"6":{"start":{"line":34,"column":4},"end":{"line":38,"column":5}},"7":{"start":{"line":35,"column":6},"end":{"line":35,"column":21}},"8":{"start":{"line":36,"column":6},"end":{"line":36,"column":28}},"9":{"start":{"line":37,"column":6},"end":{"line":37,"column":13}},"10":{"start":{"line":40,"column":4},"end":{"line":40,"column":21}},"11":{"start":{"line":41,"column":18},"end":{"line":54,"column":11}},"12":{"start":{"line":42,"column":6},"end":{"line":53,"column":7}},"13":{"start":{"line":43,"column":23},"end":{"line":43,"column":63}},"14":{"start":{"line":44,"column":8},"end":{"line":44,"column":27}},"15":{"start":{"line":45,"column":8},"end":{"line":45,"column":29}},"16":{"start":{"line":46,"column":8},"end":{"line":46,"column":72}},"17":{"start":{"line":48,"column":8},"end":{"line":48,"column":56}},"18":{"start":{"line":49,"column":8},"end":{"line":49,"column":23}},"19":{"start":{"line":50,"column":8},"end":{"line":50,"column":29}},"20":{"start":{"line":52,"column":8},"end":{"line":52,"column":26}},"21":{"start":{"line":56,"column":4},"end":{"line":56,"column":37}},"22":{"start":{"line":56,"column":17},"end":{"line":56,"column":36}},"23":{"start":{"line":59,"column":27},"end":{"line":61,"column":3}},"24":{"start":{"line":60,"column":4},"end":{"line":60,"column":37}},"25":{"start":{"line":63,"column":49},"end":{"line":99,"column":3}},"26":{"start":{"line":64,"column":17},"end":{"line":64,"column":88}},"27":{"start":{"line":65,"column":19},"end":{"line":65,"column":77}},"28":{"start":{"line":67,"column":4},"end":{"line":98,"column":6}},"29":{"start":{"line":70,"column":23},"end":{"line":70,"column":49}},"30":{"start":{"line":101,"column":23},"end":{"line":152,"column":3}},"31":{"start":{"line":102,"column":4},"end":{"line":111,"column":5}},"32":{"start":{"line":103,"column":6},"end":{"line":110,"column":8}},"33":{"start":{"line":107,"column":12},"end":{"line":107,"column":46}},"34":{"start":{"line":113,"column":4},"end":{"line":126,"column":5}},"35":{"start":{"line":114,"column":6},"end":{"line":125,"column":8}},"36":{"start":{"line":128,"column":4},"end":{"line":141,"column":5}},"37":{"start":{"line":129,"column":6},"end":{"line":140,"column":8}},"38":{"start":{"line":143,"column":4},"end":{"line":149,"column":5}},"39":{"start":{"line":144,"column":6},"end":{"line":148,"column":8}},"40":{"start":{"line":151,"column":4},"end":{"line":151,"column":16}},"41":{"start":{"line":154,"column":2},"end":{"line":195,"column":4}},"42":{"start":{"line":171,"column":45},"end":{"line":171,"column":57}},"43":{"start":{"line":182,"column":32},"end":{"line":182,"column":50}},"44":{"start":{"line":198,"column":21},"end":{"line":198,"column":23}},"45":{"start":{"line":199,"column":22},"end":{"line":199,"column":25}},"46":{"start":{"line":201,"column":15},"end":{"line":351,"column":2}}},"fnMap":{"0":{"name":"SearchScreen","decl":{"start":{"line":25,"column":24},"end":{"line":25,"column":36}},"loc":{"start":{"line":25,"column":39},"end":{"line":196,"column":1}},"line":25},"1":{"name":"(anonymous_1)","decl":{"start":{"line":33,"column":12},"end":{"line":33,"column":13}},"loc":{"start":{"line":33,"column":18},"end":{"line":57,"column":3}},"line":33},"2":{"name":"(anonymous_2)","decl":{"start":{"line":41,"column":29},"end":{"line":41,"column":30}},"loc":{"start":{"line":41,"column":41},"end":{"line":54,"column":5}},"line":41},"3":{"name":"(anonymous_3)","decl":{"start":{"line":56,"column":11},"end":{"line":56,"column":12}},"loc":{"start":{"line":56,"column":17},"end":{"line":56,"column":36}},"line":56},"4":{"name":"(anonymous_4)","decl":{"start":{"line":59,"column":27},"end":{"line":59,"column":28}},"loc":{"start":{"line":59,"column":48},"end":{"line":61,"column":3}},"line":59},"5":{"name":"(anonymous_5)","decl":{"start":{"line":63,"column":49},"end":{"line":63,"column":50}},"loc":{"start":{"line":63,"column":70},"end":{"line":99,"column":3}},"line":63},"6":{"name":"(anonymous_6)","decl":{"start":{"line":70,"column":17},"end":{"line":70,"column":18}},"loc":{"start":{"line":70,"column":23},"end":{"line":70,"column":49}},"line":70},"7":{"name":"(anonymous_7)","decl":{"start":{"line":101,"column":23},"end":{"line":101,"column":24}},"loc":{"start":{"line":101,"column":29},"end":{"line":152,"column":3}},"line":101},"8":{"name":"(anonymous_8)","decl":{"start":{"line":106,"column":29},"end":{"line":106,"column":30}},"loc":{"start":{"line":107,"column":12},"end":{"line":107,"column":46}},"line":107},"9":{"name":"(anonymous_9)","decl":{"start":{"line":171,"column":39},"end":{"line":171,"column":40}},"loc":{"start":{"line":171,"column":45},"end":{"line":171,"column":57}},"line":171},"10":{"name":"(anonymous_10)","decl":{"start":{"line":182,"column":22},"end":{"line":182,"column":23}},"loc":{"start":{"line":182,"column":32},"end":{"line":182,"column":50}},"line":182}},"branchMap":{"0":{"loc":{"start":{"line":34,"column":4},"end":{"line":38,"column":5}},"type":"if","locations":[{"start":{"line":34,"column":4},"end":{"line":38,"column":5}},{"start":{},"end":{}}],"line":34},"1":{"loc":{"start":{"line":64,"column":17},"end":{"line":64,"column":88}},"type":"cond-expr","locations":[{"start":{"line":64,"column":38},"end":{"line":64,"column":80}},{"start":{"line":64,"column":83},"end":{"line":64,"column":88}}],"line":64},"2":{"loc":{"start":{"line":65,"column":19},"end":{"line":65,"column":77}},"type":"cond-expr","locations":[{"start":{"line":65,"column":40},"end":{"line":65,"column":69}},{"start":{"line":65,"column":72},"end":{"line":65,"column":77}}],"line":65},"3":{"loc":{"start":{"line":74,"column":20},"end":{"line":74,"column":100}},"type":"cond-expr","locations":[{"start":{"line":74,"column":40},"end":{"line":74,"column":93}},{"start":{"line":74,"column":96},"end":{"line":74,"column":100}}],"line":74},"4":{"loc":{"start":{"line":102,"column":4},"end":{"line":111,"column":5}},"type":"if","locations":[{"start":{"line":102,"column":4},"end":{"line":111,"column":5}},{"start":{},"end":{}}],"line":102},"5":{"loc":{"start":{"line":113,"column":4},"end":{"line":126,"column":5}},"type":"if","locations":[{"start":{"line":113,"column":4},"end":{"line":126,"column":5}},{"start":{},"end":{}}],"line":113},"6":{"loc":{"start":{"line":128,"column":4},"end":{"line":141,"column":5}},"type":"if","locations":[{"start":{"line":128,"column":4},"end":{"line":141,"column":5}},{"start":{},"end":{}}],"line":128},"7":{"loc":{"start":{"line":128,"column":8},"end":{"line":128,"column":43}},"type":"binary-expr","locations":[{"start":{"line":128,"column":8},"end":{"line":128,"column":19}},{"start":{"line":128,"column":23},"end":{"line":128,"column":43}}],"line":128},"8":{"loc":{"start":{"line":143,"column":4},"end":{"line":149,"column":5}},"type":"if","locations":[{"start":{"line":143,"column":4},"end":{"line":149,"column":5}},{"start":{},"end":{}}],"line":143},"9":{"loc":{"start":{"line":146,"column":28},"end":{"line":146,"column":71}},"type":"cond-expr","locations":[{"start":{"line":146,"column":51},"end":{"line":146,"column":59}},{"start":{"line":146,"column":62},"end":{"line":146,"column":71}}],"line":146},"10":{"loc":{"start":{"line":170,"column":11},"end":{"line":174,"column":11}},"type":"binary-expr","locations":[{"start":{"line":170,"column":11},"end":{"line":170,"column":27}},{"start":{"line":171,"column":12},"end":{"line":173,"column":31}}],"line":170},"11":{"loc":{"start":{"line":180,"column":14},"end":{"line":180,"column":52}},"type":"cond-expr","locations":[{"start":{"line":180,"column":40},"end":{"line":180,"column":42}},{"start":{"line":180,"column":45},"end":{"line":180,"column":52}}],"line":180},"12":{"loc":{"start":{"line":180,"column":14},"end":{"line":180,"column":37}},"type":"binary-expr","locations":[{"start":{"line":180,"column":14},"end":{"line":180,"column":21}},{"start":{"line":180,"column":25},"end":{"line":180,"column":37}}],"line":180}},"s":{"0":0,"1":0,"2":0,"3":0,"4":0,"5":0,"6":0,"7":0,"8":0,"9":0,"10":0,"11":0,"12":0,"13":0,"14":0,"15":0,"16":0,"17":0,"18":0,"19":0,"20":0,"21":0,"22":0,"23":0,"24":0,"25":0,"26":0,"27":0,"28":0,"29":0,"30":0,"31":0,"32":0,"33":0,"34":0,"35":0,"36":0,"37":0,"38":0,"39":0,"40":0,"41":0,"42":0,"43":0,"44":0,"45":0,"46":0},"f":{"0":0,"1":0,"2":0,"3":0,"4":0,"5":0,"6":0,"7":0,"8":0,"9":0,"10":0},"b":{"0":[0,0],"1":[0,0],"2":[0,0],"3":[0,0],"4":[0,0],"5":[0,0],"6":[0,0],"7":[0,0],"8":[0,0],"9":[0,0],"10":[0,0],"11":[0,0],"12":[0,0]}}
,"/home/agent/.openclaw/workspace/projects/popcorns/app/app/(tabs)/watchlist.tsx": {"path":"/home/agent/.openclaw/workspace/projects/popcorns/app/app/(tabs)/watchlist.tsx","statementMap":{"0":{"start":{"line":15,"column":24},"end":{"line":15,"column":34}},"1":{"start":{"line":16,"column":36},"end":{"line":16,"column":65}},"2":{"start":{"line":17,"column":32},"end":{"line":17,"column":46}},"3":{"start":{"line":18,"column":38},"end":{"line":18,"column":53}},"4":{"start":{"line":21,"column":2},"end":{"line":25,"column":4}},"5":{"start":{"line":23,"column":6},"end":{"line":23,"column":22}},"6":{"start":{"line":27,"column":24},"end":{"line":37,"column":3}},"7":{"start":{"line":28,"column":4},"end":{"line":36,"column":5}},"8":{"start":{"line":29,"column":20},"end":{"line":29,"column":40}},"9":{"start":{"line":30,"column":6},"end":{"line":30,"column":26}},"10":{"start":{"line":31,"column":6},"end":{"line":31,"column":69}},"11":{"start":{"line":33,"column":6},"end":{"line":33,"column":55}},"12":{"start":{"line":35,"column":6},"end":{"line":35,"column":24}},"13":{"start":{"line":39,"column":24},"end":{"line":43,"column":3}},"14":{"start":{"line":40,"column":4},"end":{"line":40,"column":24}},"15":{"start":{"line":41,"column":4},"end":{"line":41,"column":26}},"16":{"start":{"line":42,"column":4},"end":{"line":42,"column":25}},"17":{"start":{"line":45,"column":23},"end":{"line":80,"column":3}},"18":{"start":{"line":46,"column":18},"end":{"line":46,"column":61}},"19":{"start":{"line":46,"column":41},"end":{"line":46,"column":60}},"20":{"start":{"line":47,"column":4},"end":{"line":47,"column":23}},"21":{"start":{"line":47,"column":16},"end":{"line":47,"column":23}},"22":{"start":{"line":49,"column":4},"end":{"line":79,"column":6}},"23":{"start":{"line":61,"column":12},"end":{"line":75,"column":13}},"24":{"start":{"line":62,"column":14},"end":{"line":62,"column":49}},"25":{"start":{"line":63,"column":14},"end":{"line":63,"column":77}},"26":{"start":{"line":63,"column":35},"end":{"line":63,"column":75}},"27":{"start":{"line":63,"column":55},"end":{"line":63,"column":74}},"28":{"start":{"line":64,"column":14},"end":{"line":67,"column":17}},"29":{"start":{"line":68,"column":14},"end":{"line":68,"column":71}},"30":{"start":{"line":70,"column":14},"end":{"line":70,"column":69}},"31":{"start":{"line":71,"column":14},"end":{"line":74,"column":17}},"32":{"start":{"line":82,"column":26},"end":{"line":82,"column":84}},"33":{"start":{"line":82,"column":51},"end":{"line":82,"column":76}},"34":{"start":{"line":83,"column":27},"end":{"line":83,"column":86}},"35":{"start":{"line":83,"column":52},"end":{"line":83,"column":78}},"36":{"start":{"line":85,"column":2},"end":{"line":93,"column":3}},"37":{"start":{"line":86,"column":4},"end":{"line":92,"column":6}},"38":{"start":{"line":95,"column":23},"end":{"line":113,"column":3}},"39":{"start":{"line":96,"column":4},"end":{"line":112,"column":11}},"40":{"start":{"line":115,"column":22},"end":{"line":133,"column":3}},"41":{"start":{"line":116,"column":4},"end":{"line":132,"column":11}},"42":{"start":{"line":135,"column":23},"end":{"line":141,"column":3}},"43":{"start":{"line":136,"column":4},"end":{"line":140,"column":11}},"44":{"start":{"line":143,"column":52},"end":{"line":145,"column":3}},"45":{"start":{"line":144,"column":4},"end":{"line":144,"column":57}},"46":{"start":{"line":147,"column":2},"end":{"line":172,"column":4}},"47":{"start":{"line":152,"column":32},"end":{"line":152,"column":50}},"48":{"start":{"line":175,"column":15},"end":{"line":266,"column":2}}},"fnMap":{"0":{"name":"WatchlistScreen","decl":{"start":{"line":14,"column":24},"end":{"line":14,"column":39}},"loc":{"start":{"line":14,"column":42},"end":{"line":173,"column":1}},"line":14},"1":{"name":"(anonymous_1)","decl":{"start":{"line":22,"column":16},"end":{"line":22,"column":17}},"loc":{"start":{"line":22,"column":22},"end":{"line":24,"column":5}},"line":22},"2":{"name":"(anonymous_2)","decl":{"start":{"line":27,"column":24},"end":{"line":27,"column":25}},"loc":{"start":{"line":27,"column":36},"end":{"line":37,"column":3}},"line":27},"3":{"name":"(anonymous_3)","decl":{"start":{"line":39,"column":24},"end":{"line":39,"column":25}},"loc":{"start":{"line":39,"column":36},"end":{"line":43,"column":3}},"line":39},"4":{"name":"(anonymous_4)","decl":{"start":{"line":45,"column":23},"end":{"line":45,"column":24}},"loc":{"start":{"line":45,"column":50},"end":{"line":80,"column":3}},"line":45},"5":{"name":"(anonymous_5)","decl":{"start":{"line":46,"column":33},"end":{"line":46,"column":34}},"loc":{"start":{"line":46,"column":41},"end":{"line":46,"column":60}},"line":46},"6":{"name":"(anonymous_6)","decl":{"start":{"line":60,"column":19},"end":{"line":60,"column":20}},"loc":{"start":{"line":60,"column":31},"end":{"line":76,"column":11}},"line":60},"7":{"name":"(anonymous_7)","decl":{"start":{"line":63,"column":27},"end":{"line":63,"column":28}},"loc":{"start":{"line":63,"column":35},"end":{"line":63,"column":75}},"line":63},"8":{"name":"(anonymous_8)","decl":{"start":{"line":63,"column":47},"end":{"line":63,"column":48}},"loc":{"start":{"line":63,"column":55},"end":{"line":63,"column":74}},"line":63},"9":{"name":"(anonymous_9)","decl":{"start":{"line":82,"column":43},"end":{"line":82,"column":44}},"loc":{"start":{"line":82,"column":51},"end":{"line":82,"column":76}},"line":82},"10":{"name":"(anonymous_10)","decl":{"start":{"line":83,"column":44},"end":{"line":83,"column":45}},"loc":{"start":{"line":83,"column":52},"end":{"line":83,"column":78}},"line":83},"11":{"name":"(anonymous_11)","decl":{"start":{"line":95,"column":23},"end":{"line":95,"column":24}},"loc":{"start":{"line":96,"column":4},"end":{"line":112,"column":11}},"line":96},"12":{"name":"(anonymous_12)","decl":{"start":{"line":115,"column":22},"end":{"line":115,"column":23}},"loc":{"start":{"line":116,"column":4},"end":{"line":132,"column":11}},"line":116},"13":{"name":"(anonymous_13)","decl":{"start":{"line":135,"column":23},"end":{"line":135,"column":24}},"loc":{"start":{"line":136,"column":4},"end":{"line":140,"column":11}},"line":136},"14":{"name":"(anonymous_14)","decl":{"start":{"line":143,"column":52},"end":{"line":143,"column":53}},"loc":{"start":{"line":144,"column":4},"end":{"line":144,"column":57}},"line":144},"15":{"name":"(anonymous_15)","decl":{"start":{"line":152,"column":22},"end":{"line":152,"column":23}},"loc":{"start":{"line":152,"column":32},"end":{"line":152,"column":50}},"line":152}},"branchMap":{"0":{"loc":{"start":{"line":47,"column":4},"end":{"line":47,"column":23}},"type":"if","locations":[{"start":{"line":47,"column":4},"end":{"line":47,"column":23}},{"start":{},"end":{}}],"line":47},"1":{"loc":{"start":{"line":85,"column":2},"end":{"line":93,"column":3}},"type":"if","locations":[{"start":{"line":85,"column":2},"end":{"line":93,"column":3}},{"start":{},"end":{}}],"line":85},"2":{"loc":{"start":{"line":98,"column":7},"end":{"line":111,"column":7}},"type":"cond-expr","locations":[{"start":{"line":99,"column":8},"end":{"line":108,"column":15}},{"start":{"line":110,"column":8},"end":{"line":110,"column":69}}],"line":98},"3":{"loc":{"start":{"line":101,"column":32},"end":{"line":101,"column":75}},"type":"cond-expr","locations":[{"start":{"line":101,"column":57},"end":{"line":101,"column":64}},{"start":{"line":101,"column":67},"end":{"line":101,"column":75}}],"line":101},"4":{"loc":{"start":{"line":103,"column":11},"end":{"line":107,"column":11}},"type":"binary-expr","locations":[{"start":{"line":103,"column":11},"end":{"line":103,"column":30}},{"start":{"line":104,"column":12},"end":{"line":106,"column":19}}],"line":103},"5":{"loc":{"start":{"line":105,"column":41},"end":{"line":105,"column":81}},"type":"cond-expr","locations":[{"start":{"line":105,"column":65},"end":{"line":105,"column":71}},{"start":{"line":105,"column":74},"end":{"line":105,"column":81}}],"line":105}},"s":{"0":0,"1":0,"2":0,"3":0,"4":0,"5":0,"6":0,"7":0,"8":0,"9":0,"10":0,"11":0,"12":0,"13":0,"14":0,"15":0,"16":0,"17":0,"18":0,"19":0,"20":0,"21":0,"22":0,"23":0,"24":0,"25":0,"26":0,"27":0,"28":0,"29":0,"30":0,"31":0,"32":0,"33":0,"34":0,"35":0,"36":0,"37":0,"38":0,"39":0,"40":0,"41":0,"42":0,"43":0,"44":0,"45":0,"46":0,"47":0,"48":0},"f":{"0":0,"1":0,"2":0,"3":0,"4":0,"5":0,"6":0,"7":0,"8":0,"9":0,"10":0,"11":0,"12":0,"13":0,"14":0,"15":0},"b":{"0":[0,0],"1":[0,0],"2":[0,0],"3":[0,0],"4":[0,0],"5":[0,0]}}
,"/home/agent/.openclaw/workspace/projects/popcorns/app/app/movie/[id].tsx": {"path":"/home/agent/.openclaw/workspace/projects/popcorns/app/app/movie/[id].tsx","statementMap":{"0":{"start":{"line":28,"column":32},"end":{"line":28,"column":56}},"1":{"start":{"line":29,"column":24},"end":{"line":29,"column":26}},"2":{"start":{"line":38,"column":53},"end":{"line":49,"column":1}},"3":{"start":{"line":52,"column":22},"end":{"line":74,"column":1}},"4":{"start":{"line":53,"column":44},"end":{"line":71,"column":3}},"5":{"start":{"line":73,"column":2},"end":{"line":73,"column":45}},"6":{"start":{"line":77,"column":17},"end":{"line":77,"column":55}},"7":{"start":{"line":78,"column":17},"end":{"line":78,"column":28}},"8":{"start":{"line":79,"column":28},"end":{"line":79,"column":71}},"9":{"start":{"line":80,"column":32},"end":{"line":80,"column":46}},"10":{"start":{"line":81,"column":28},"end":{"line":81,"column":57}},"11":{"start":{"line":82,"column":44},"end":{"line":82,"column":59}},"12":{"start":{"line":83,"column":40},"end":{"line":83,"column":55}},"13":{"start":{"line":84,"column":38},"end":{"line":84,"column":67}},"14":{"start":{"line":85,"column":46},"end":{"line":85,"column":60}},"15":{"start":{"line":88,"column":32},"end":{"line":88,"column":58}},"16":{"start":{"line":89,"column":46},"end":{"line":89,"column":61}},"17":{"start":{"line":90,"column":42},"end":{"line":90,"column":53}},"18":{"start":{"line":91,"column":38},"end":{"line":91,"column":50}},"19":{"start":{"line":94,"column":44},"end":{"line":94,"column":65}},"20":{"start":{"line":95,"column":58},"end":{"line":95,"column":73}},"21":{"start":{"line":98,"column":38},"end":{"line":98,"column":52}},"22":{"start":{"line":99,"column":38},"end":{"line":99,"column":63}},"23":{"start":{"line":101,"column":2},"end":{"line":106,"column":11}},"24":{"start":{"line":102,"column":4},"end":{"line":102,"column":23}},"25":{"start":{"line":103,"column":4},"end":{"line":103,"column":27}},"26":{"start":{"line":104,"column":4},"end":{"line":104,"column":18}},"27":{"start":{"line":105,"column":4},"end":{"line":105,"column":24}},"28":{"start":{"line":108,"column":27},"end":{"line":123,"column":3}},"29":{"start":{"line":109,"column":4},"end":{"line":122,"column":5}},"30":{"start":{"line":110,"column":6},"end":{"line":110,"column":23}},"31":{"start":{"line":111,"column":6},"end":{"line":111,"column":21}},"32":{"start":{"line":112,"column":21},"end":{"line":112,"column":38}},"33":{"start":{"line":113,"column":6},"end":{"line":113,"column":28}},"34":{"start":{"line":114,"column":6},"end":{"line":114,"column":43}},"35":{"start":{"line":115,"column":22},"end":{"line":115,"column":76}},"36":{"start":{"line":116,"column":6},"end":{"line":116,"column":24}},"37":{"start":{"line":118,"column":6},"end":{"line":118,"column":57}},"38":{"start":{"line":119,"column":6},"end":{"line":119,"column":66}},"39":{"start":{"line":121,"column":6},"end":{"line":121,"column":24}},"40":{"start":{"line":125,"column":31},"end":{"line":135,"column":3}},"41":{"start":{"line":126,"column":4},"end":{"line":134,"column":5}},"42":{"start":{"line":127,"column":28},"end":{"line":127,"column":77}},"43":{"start":{"line":128,"column":6},"end":{"line":131,"column":7}},"44":{"start":{"line":129,"column":26},"end":{"line":129,"column":51}},"45":{"start":{"line":130,"column":8},"end":{"line":130,"column":74}},"46":{"start":{"line":130,"column":52},"end":{"line":130,"column":71}},"47":{"start":{"line":133,"column":6},"end":{"line":133,"column":54}},"48":{"start":{"line":137,"column":26},"end":{"line":167,"column":3}},"49":{"start":{"line":138,"column":4},"end":{"line":138,"column":23}},"50":{"start":{"line":138,"column":16},"end":{"line":138,"column":23}},"51":{"start":{"line":140,"column":4},"end":{"line":166,"column":5}},"52":{"start":{"line":141,"column":6},"end":{"line":141,"column":62}},"53":{"start":{"line":142,"column":28},"end":{"line":142,"column":77}},"54":{"start":{"line":143,"column":22},"end":{"line":143,"column":68}},"55":{"start":{"line":145,"column":6},"end":{"line":160,"column":7}},"56":{"start":{"line":147,"column":8},"end":{"line":147,"column":68}},"57":{"start":{"line":147,"column":49},"end":{"line":147,"column":66}},"58":{"start":{"line":150,"column":8},"end":{"line":159,"column":11}},"59":{"start":{"line":162,"column":6},"end":{"line":162,"column":83}},"60":{"start":{"line":163,"column":6},"end":{"line":163,"column":39}},"61":{"start":{"line":165,"column":6},"end":{"line":165,"column":54}},"62":{"start":{"line":169,"column":22},"end":{"line":181,"column":3}},"63":{"start":{"line":170,"column":4},"end":{"line":180,"column":5}},"64":{"start":{"line":171,"column":26},"end":{"line":171,"column":73}},"65":{"start":{"line":172,"column":6},"end":{"line":177,"column":7}},"66":{"start":{"line":173,"column":41},"end":{"line":173,"column":64}},"67":{"start":{"line":175,"column":29},"end":{"line":175,"column":77}},"68":{"start":{"line":175,"column":52},"end":{"line":175,"column":76}},"69":{"start":{"line":176,"column":8},"end":{"line":176,"column":33}},"70":{"start":{"line":179,"column":6},"end":{"line":179,"column":51}},"71":{"start":{"line":183,"column":21},"end":{"line":211,"column":3}},"72":{"start":{"line":184,"column":4},"end":{"line":184,"column":23}},"73":{"start":{"line":184,"column":16},"end":{"line":184,"column":23}},"74":{"start":{"line":186,"column":4},"end":{"line":210,"column":5}},"75":{"start":{"line":187,"column":6},"end":{"line":187,"column":74}},"76":{"start":{"line":188,"column":26},"end":{"line":188,"column":73}},"77":{"start":{"line":189,"column":37},"end":{"line":189,"column":79}},"78":{"start":{"line":191,"column":36},"end":{"line":196,"column":7}},"79":{"start":{"line":198,"column":6},"end":{"line":198,"column":33}},"80":{"start":{"line":199,"column":6},"end":{"line":199,"column":82}},"81":{"start":{"line":202,"column":6},"end":{"line":202,"column":26}},"82":{"start":{"line":205,"column":6},"end":{"line":205,"column":25}},"83":{"start":{"line":206,"column":6},"end":{"line":206,"column":24}},"84":{"start":{"line":207,"column":6},"end":{"line":207,"column":31}},"85":{"start":{"line":209,"column":6},"end":{"line":209,"column":49}},"86":{"start":{"line":213,"column":22},"end":{"line":229,"column":3}},"87":{"start":{"line":214,"column":18},"end":{"line":214,"column":20}},"88":{"start":{"line":215,"column":22},"end":{"line":215,"column":44}},"89":{"start":{"line":216,"column":24},"end":{"line":216,"column":41}},"90":{"start":{"line":218,"column":4},"end":{"line":226,"column":5}},"91":{"start":{"line":218,"column":17},"end":{"line":218,"column":18}},"92":{"start":{"line":219,"column":6},"end":{"line":225,"column":7}},"93":{"start":{"line":220,"column":8},"end":{"line":220,"column":70}},"94":{"start":{"line":221,"column":13},"end":{"line":225,"column":7}},"95":{"start":{"line":222,"column":8},"end":{"line":222,"column":70}},"96":{"start":{"line":224,"column":8},"end":{"line":224,"column":84}},"97":{"start":{"line":228,"column":4},"end":{"line":228,"column":65}},"98":{"start":{"line":231,"column":28},"end":{"line":241,"column":3}},"99":{"start":{"line":232,"column":4},"end":{"line":240,"column":5}},"100":{"start":{"line":233,"column":6},"end":{"line":233,"column":36}},"101":{"start":{"line":234,"column":22},"end":{"line":234,"column":61}},"102":{"start":{"line":235,"column":6},"end":{"line":235,"column":45}},"103":{"start":{"line":237,"column":6},"end":{"line":237,"column":58}},"104":{"start":{"line":239,"column":6},"end":{"line":239,"column":37}},"105":{"start":{"line":243,"column":2},"end":{"line":250,"column":3}},"106":{"start":{"line":244,"column":4},"end":{"line":249,"column":6}},"107":{"start":{"line":252,"column":2},"end":{"line":262,"column":3}},"108":{"start":{"line":253,"column":4},"end":{"line":261,"column":6}},"109":{"start":{"line":264,"column":22},"end":{"line":264,"column":71}},"110":{"start":{"line":265,"column":20},"end":{"line":265,"column":65}},"111":{"start":{"line":266,"column":17},"end":{"line":266,"column":46}},"112":{"start":{"line":267,"column":15},"end":{"line":267,"column":86}},"113":{"start":{"line":268,"column":18},"end":{"line":268,"column":100}},"114":{"start":{"line":270,"column":18},"end":{"line":270,"column":76}},"115":{"start":{"line":271,"column":18},"end":{"line":271,"column":56}},"116":{"start":{"line":272,"column":20},"end":{"line":272,"column":102}},"117":{"start":{"line":273,"column":28},"end":{"line":273,"column":53}},"118":{"start":{"line":275,"column":2},"end":{"line":663,"column":4}},"119":{"start":{"line":291,"column":27},"end":{"line":291,"column":40}},"120":{"start":{"line":323,"column":16},"end":{"line":325,"column":23}},"121":{"start":{"line":351,"column":37},"end":{"line":351,"column":75}},"122":{"start":{"line":352,"column":18},"end":{"line":371,"column":20}},"123":{"start":{"line":391,"column":36},"end":{"line":391,"column":89}},"124":{"start":{"line":392,"column":18},"end":{"line":422,"column":20}},"125":{"start":{"line":397,"column":24},"end":{"line":397,"column":79}},"126":{"start":{"line":399,"column":24},"end":{"line":399,"column":65}},"127":{"start":{"line":437,"column":34},"end":{"line":437,"column":77}},"128":{"start":{"line":439,"column":18},"end":{"line":476,"column":20}},"129":{"start":{"line":444,"column":24},"end":{"line":444,"column":79}},"130":{"start":{"line":445,"column":42},"end":{"line":445,"column":86}},"131":{"start":{"line":446,"column":24},"end":{"line":458,"column":25}},"132":{"start":{"line":447,"column":42},"end":{"line":447,"column":85}},"133":{"start":{"line":448,"column":26},"end":{"line":450,"column":28}},"134":{"start":{"line":449,"column":28},"end":{"line":449,"column":78}},"135":{"start":{"line":452,"column":26},"end":{"line":452,"column":107}},"136":{"start":{"line":454,"column":46},"end":{"line":454,"column":117}},"137":{"start":{"line":455,"column":26},"end":{"line":457,"column":28}},"138":{"start":{"line":456,"column":28},"end":{"line":456,"column":78}},"139":{"start":{"line":491,"column":18},"end":{"line":491,"column":111}},"140":{"start":{"line":492,"column":18},"end":{"line":492,"column":42}},"141":{"start":{"line":493,"column":18},"end":{"line":493,"column":39}},"142":{"start":{"line":509,"column":31},"end":{"line":509,"column":65}},"143":{"start":{"line":524,"column":20},"end":{"line":540,"column":39}},"144":{"start":{"line":530,"column":37},"end":{"line":530,"column":57}},"145":{"start":{"line":569,"column":18},"end":{"line":580,"column":25}},"146":{"start":{"line":594,"column":33},"end":{"line":594,"column":56}},"147":{"start":{"line":622,"column":32},"end":{"line":622,"column":53}},"148":{"start":{"line":627,"column":27},"end":{"line":627,"column":48}},"149":{"start":{"line":629,"column":79},"end":{"line":629,"column":83}},"150":{"start":{"line":632,"column":31},"end":{"line":632,"column":52}},"151":{"start":{"line":642,"column":33},"end":{"line":642,"column":57}},"152":{"start":{"line":644,"column":18},"end":{"line":644,"column":80}},"153":{"start":{"line":645,"column":18},"end":{"line":645,"column":40}},"154":{"start":{"line":646,"column":18},"end":{"line":646,"column":43}},"155":{"start":{"line":647,"column":18},"end":{"line":649,"column":19}},"156":{"start":{"line":648,"column":20},"end":{"line":648,"column":86}},"157":{"start":{"line":666,"column":15},"end":{"line":1174,"column":2}}},"fnMap":{"0":{"name":"(anonymous_0)","decl":{"start":{"line":52,"column":22},"end":{"line":52,"column":23}},"loc":{"start":{"line":52,"column":54},"end":{"line":74,"column":1}},"line":52},"1":{"name":"MovieDetailScreen","decl":{"start":{"line":76,"column":24},"end":{"line":76,"column":41}},"loc":{"start":{"line":76,"column":44},"end":{"line":664,"column":1}},"line":76},"2":{"name":"(anonymous_2)","decl":{"start":{"line":101,"column":12},"end":{"line":101,"column":13}},"loc":{"start":{"line":101,"column":18},"end":{"line":106,"column":3}},"line":101},"3":{"name":"(anonymous_3)","decl":{"start":{"line":108,"column":27},"end":{"line":108,"column":28}},"loc":{"start":{"line":108,"column":39},"end":{"line":123,"column":3}},"line":108},"4":{"name":"(anonymous_4)","decl":{"start":{"line":125,"column":31},"end":{"line":125,"column":32}},"loc":{"start":{"line":125,"column":43},"end":{"line":135,"column":3}},"line":125},"5":{"name":"(anonymous_5)","decl":{"start":{"line":130,"column":40},"end":{"line":130,"column":41}},"loc":{"start":{"line":130,"column":52},"end":{"line":130,"column":71}},"line":130},"6":{"name":"(anonymous_6)","decl":{"start":{"line":137,"column":26},"end":{"line":137,"column":27}},"loc":{"start":{"line":137,"column":38},"end":{"line":167,"column":3}},"line":137},"7":{"name":"(anonymous_7)","decl":{"start":{"line":147,"column":37},"end":{"line":147,"column":38}},"loc":{"start":{"line":147,"column":49},"end":{"line":147,"column":66}},"line":147},"8":{"name":"(anonymous_8)","decl":{"start":{"line":169,"column":22},"end":{"line":169,"column":23}},"loc":{"start":{"line":169,"column":34},"end":{"line":181,"column":3}},"line":169},"9":{"name":"(anonymous_9)","decl":{"start":{"line":175,"column":47},"end":{"line":175,"column":48}},"loc":{"start":{"line":175,"column":52},"end":{"line":175,"column":76}},"line":175},"10":{"name":"(anonymous_10)","decl":{"start":{"line":183,"column":21},"end":{"line":183,"column":22}},"loc":{"start":{"line":183,"column":33},"end":{"line":211,"column":3}},"line":183},"11":{"name":"(anonymous_11)","decl":{"start":{"line":213,"column":22},"end":{"line":213,"column":23}},"loc":{"start":{"line":213,"column":61},"end":{"line":229,"column":3}},"line":213},"12":{"name":"(anonymous_12)","decl":{"start":{"line":231,"column":28},"end":{"line":231,"column":29}},"loc":{"start":{"line":231,"column":40},"end":{"line":241,"column":3}},"line":231},"13":{"name":"(anonymous_13)","decl":{"start":{"line":291,"column":21},"end":{"line":291,"column":22}},"loc":{"start":{"line":291,"column":27},"end":{"line":291,"column":40}},"line":291},"14":{"name":"(anonymous_14)","decl":{"start":{"line":322,"column":32},"end":{"line":322,"column":33}},"loc":{"start":{"line":323,"column":16},"end":{"line":325,"column":23}},"line":323},"15":{"name":"(anonymous_15)","decl":{"start":{"line":350,"column":29},"end":{"line":350,"column":30}},"loc":{"start":{"line":350,"column":40},"end":{"line":372,"column":17}},"line":350},"16":{"name":"(anonymous_16)","decl":{"start":{"line":390,"column":35},"end":{"line":390,"column":36}},"loc":{"start":{"line":390,"column":53},"end":{"line":423,"column":17}},"line":390},"17":{"name":"(anonymous_17)","decl":{"start":{"line":396,"column":31},"end":{"line":396,"column":32}},"loc":{"start":{"line":396,"column":37},"end":{"line":400,"column":23}},"line":396},"18":{"name":"(anonymous_18)","decl":{"start":{"line":436,"column":39},"end":{"line":436,"column":40}},"loc":{"start":{"line":436,"column":53},"end":{"line":477,"column":17}},"line":436},"19":{"name":"(anonymous_19)","decl":{"start":{"line":443,"column":31},"end":{"line":443,"column":32}},"loc":{"start":{"line":443,"column":37},"end":{"line":459,"column":23}},"line":443},"20":{"name":"(anonymous_20)","decl":{"start":{"line":448,"column":57},"end":{"line":448,"column":58}},"loc":{"start":{"line":449,"column":28},"end":{"line":449,"column":78}},"line":449},"21":{"name":"(anonymous_21)","decl":{"start":{"line":455,"column":61},"end":{"line":455,"column":62}},"loc":{"start":{"line":456,"column":28},"end":{"line":456,"column":78}},"line":456},"22":{"name":"(anonymous_22)","decl":{"start":{"line":490,"column":25},"end":{"line":490,"column":26}},"loc":{"start":{"line":490,"column":31},"end":{"line":494,"column":17}},"line":490},"23":{"name":"(anonymous_23)","decl":{"start":{"line":509,"column":25},"end":{"line":509,"column":26}},"loc":{"start":{"line":509,"column":31},"end":{"line":509,"column":65}},"line":509},"24":{"name":"(anonymous_24)","decl":{"start":{"line":523,"column":55},"end":{"line":523,"column":56}},"loc":{"start":{"line":524,"column":20},"end":{"line":540,"column":39}},"line":524},"25":{"name":"(anonymous_25)","decl":{"start":{"line":530,"column":31},"end":{"line":530,"column":32}},"loc":{"start":{"line":530,"column":37},"end":{"line":530,"column":57}},"line":530},"26":{"name":"(anonymous_26)","decl":{"start":{"line":568,"column":29},"end":{"line":568,"column":30}},"loc":{"start":{"line":569,"column":18},"end":{"line":580,"column":25}},"line":569},"27":{"name":"(anonymous_27)","decl":{"start":{"line":594,"column":27},"end":{"line":594,"column":28}},"loc":{"start":{"line":594,"column":33},"end":{"line":594,"column":56}},"line":594},"28":{"name":"(anonymous_28)","decl":{"start":{"line":622,"column":26},"end":{"line":622,"column":27}},"loc":{"start":{"line":622,"column":32},"end":{"line":622,"column":53}},"line":622},"29":{"name":"(anonymous_29)","decl":{"start":{"line":627,"column":21},"end":{"line":627,"column":22}},"loc":{"start":{"line":627,"column":27},"end":{"line":627,"column":48}},"line":627},"30":{"name":"(anonymous_30)","decl":{"start":{"line":629,"column":73},"end":{"line":629,"column":74}},"loc":{"start":{"line":629,"column":79},"end":{"line":629,"column":83}},"line":629},"31":{"name":"(anonymous_31)","decl":{"start":{"line":632,"column":25},"end":{"line":632,"column":26}},"loc":{"start":{"line":632,"column":31},"end":{"line":632,"column":52}},"line":632},"32":{"name":"(anonymous_32)","decl":{"start":{"line":642,"column":27},"end":{"line":642,"column":28}},"loc":{"start":{"line":642,"column":33},"end":{"line":642,"column":57}},"line":642},"33":{"name":"(anonymous_33)","decl":{"start":{"line":643,"column":25},"end":{"line":643,"column":26}},"loc":{"start":{"line":643,"column":31},"end":{"line":650,"column":17}},"line":643}},"branchMap":{"0":{"loc":{"start":{"line":73,"column":9},"end":{"line":73,"column":44}},"type":"binary-expr","locations":[{"start":{"line":73,"column":9},"end":{"line":73,"column":30}},{"start":{"line":73,"column":34},"end":{"line":73,"column":44}}],"line":73},"1":{"loc":{"start":{"line":128,"column":6},"end":{"line":131,"column":7}},"type":"if","locations":[{"start":{"line":128,"column":6},"end":{"line":131,"column":7}},{"start":{},"end":{}}],"line":128},"2":{"loc":{"start":{"line":138,"column":4},"end":{"line":138,"column":23}},"type":"if","locations":[{"start":{"line":138,"column":4},"end":{"line":138,"column":23}},{"start":{},"end":{}}],"line":138},"3":{"loc":{"start":{"line":143,"column":22},"end":{"line":143,"column":68}},"type":"cond-expr","locations":[{"start":{"line":143,"column":38},"end":{"line":143,"column":63}},{"start":{"line":143,"column":66},"end":{"line":143,"column":68}}],"line":143},"4":{"loc":{"start":{"line":145,"column":6},"end":{"line":160,"column":7}},"type":"if","locations":[{"start":{"line":145,"column":6},"end":{"line":160,"column":7}},{"start":{"line":148,"column":13},"end":{"line":160,"column":7}}],"line":145},"5":{"loc":{"start":{"line":172,"column":6},"end":{"line":177,"column":7}},"type":"if","locations":[{"start":{"line":172,"column":6},"end":{"line":177,"column":7}},{"start":{},"end":{}}],"line":172},"6":{"loc":{"start":{"line":184,"column":4},"end":{"line":184,"column":23}},"type":"if","locations":[{"start":{"line":184,"column":4},"end":{"line":184,"column":23}},{"start":{},"end":{}}],"line":184},"7":{"loc":{"start":{"line":189,"column":37},"end":{"line":189,"column":79}},"type":"cond-expr","locations":[{"start":{"line":189,"column":51},"end":{"line":189,"column":74}},{"start":{"line":189,"column":77},"end":{"line":189,"column":79}}],"line":189},"8":{"loc":{"start":{"line":213,"column":39},"end":{"line":213,"column":56}},"type":"default-arg","locations":[{"start":{"line":213,"column":54},"end":{"line":213,"column":56}}],"line":213},"9":{"loc":{"start":{"line":219,"column":6},"end":{"line":225,"column":7}},"type":"if","locations":[{"start":{"line":219,"column":6},"end":{"line":225,"column":7}},{"start":{"line":221,"column":13},"end":{"line":225,"column":7}}],"line":219},"10":{"loc":{"start":{"line":221,"column":13},"end":{"line":225,"column":7}},"type":"if","locations":[{"start":{"line":221,"column":13},"end":{"line":225,"column":7}},{"start":{"line":223,"column":13},"end":{"line":225,"column":7}}],"line":221},"11":{"loc":{"start":{"line":221,"column":17},"end":{"line":221,"column":47}},"type":"binary-expr","locations":[{"start":{"line":221,"column":17},"end":{"line":221,"column":32}},{"start":{"line":221,"column":36},"end":{"line":221,"column":47}}],"line":221},"12":{"loc":{"start":{"line":243,"column":2},"end":{"line":250,"column":3}},"type":"if","locations":[{"start":{"line":243,"column":2},"end":{"line":250,"column":3}},{"start":{},"end":{}}],"line":243},"13":{"loc":{"start":{"line":252,"column":2},"end":{"line":262,"column":3}},"type":"if","locations":[{"start":{"line":252,"column":2},"end":{"line":262,"column":3}},{"start":{},"end":{}}],"line":252},"14":{"loc":{"start":{"line":252,"column":6},"end":{"line":252,"column":21}},"type":"binary-expr","locations":[{"start":{"line":252,"column":6},"end":{"line":252,"column":11}},{"start":{"line":252,"column":15},"end":{"line":252,"column":21}}],"line":252},"15":{"loc":{"start":{"line":256,"column":40},"end":{"line":256,"column":66}},"type":"binary-expr","locations":[{"start":{"line":256,"column":40},"end":{"line":256,"column":45}},{"start":{"line":256,"column":49},"end":{"line":256,"column":66}}],"line":256},"16":{"loc":{"start":{"line":267,"column":15},"end":{"line":267,"column":86}},"type":"cond-expr","locations":[{"start":{"line":267,"column":36},"end":{"line":267,"column":78}},{"start":{"line":267,"column":81},"end":{"line":267,"column":86}}],"line":267},"17":{"loc":{"start":{"line":268,"column":18},"end":{"line":268,"column":100}},"type":"cond-expr","locations":[{"start":{"line":268,"column":34},"end":{"line":268,"column":93}},{"start":{"line":268,"column":96},"end":{"line":268,"column":100}}],"line":268},"18":{"loc":{"start":{"line":270,"column":18},"end":{"line":270,"column":76}},"type":"cond-expr","locations":[{"start":{"line":270,"column":33},"end":{"line":270,"column":69}},{"start":{"line":270,"column":72},"end
[...]
15":{"name":"(anonymous_15)","decl":{"start":{"line":481,"column":2},"end":{"line":481,"column":3}},"loc":{"start":{"line":481,"column":97},"end":{"line":501,"column":3}},"line":481},"16":{"name":"(anonymous_16)","decl":{"start":{"line":486,"column":44},"end":{"line":486,"column":45}},"loc":{"start":{"line":486,"column":51},"end":{"line":486,"column":73}},"line":486},"17":{"name":"(anonymous_17)","decl":{"start":{"line":487,"column":38},"end":{"line":487,"column":39}},"loc":{"start":{"line":487,"column":44},"end":{"line":487,"column":46}},"line":487},"18":{"name":"(anonymous_18)","decl":{"start":{"line":488,"column":54},"end":{"line":488,"column":55}},"loc":{"start":{"line":488,"column":61},"end":{"line":488,"column":63}},"line":488},"19":{"name":"(anonymous_19)","decl":{"start":{"line":506,"column":2},"end":{"line":506,"column":3}},"loc":{"start":{"line":506,"column":75},"end":{"line":508,"column":3}},"line":506},"20":{"name":"(anonymous_20)","decl":{"start":{"line":514,"column":2},"end":{"line":514,"column":3}},"loc":{"start":{"line":514,"column":51},"end":{"line":530,"column":3}},"line":514},"21":{"name":"(anonymous_21)","decl":{"start":{"line":517,"column":6},"end":{"line":517,"column":7}},"loc":{"start":{"line":517,"column":13},"end":{"line":517,"column":71}},"line":517},"22":{"name":"(anonymous_22)","decl":{"start":{"line":523,"column":6},"end":{"line":523,"column":7}},"loc":{"start":{"line":523,"column":13},"end":{"line":523,"column":57}},"line":523},"23":{"name":"(anonymous_23)","decl":{"start":{"line":528,"column":33},"end":{"line":528,"column":34}},"loc":{"start":{"line":528,"column":40},"end":{"line":528,"column":60}},"line":528},"24":{"name":"(anonymous_24)","decl":{"start":{"line":535,"column":2},"end":{"line":535,"column":3}},"loc":{"start":{"line":535,"column":78},"end":{"line":560,"column":3}},"line":535}},"branchMap":{"0":{"loc":{"start":{"line":159,"column":35},"end":{"line":159,"column":56}},"type":"default-arg","locations":[{"start":{"line":159,"column":50},"end":{"line":159,"column":56}}],"line":159},"1":{"loc":{"start":{"line":160,"column":4},"end":{"line":160,"column":27}},"type":"if","locations":[{"start":{"line":160,"column":4},"end":{"line":160,"column":27}},{"start":{},"end":{}}],"line":160},"2":{"loc":{"start":{"line":167,"column":36},"end":{"line":167,"column":89}},"type":"default-arg","locations":[{"start":{"line":167,"column":81},"end":{"line":167,"column":89}}],"line":167},"3":{"loc":{"start":{"line":175,"column":38},"end":{"line":175,"column":93}},"type":"default-arg","locations":[{"start":{"line":175,"column":85},"end":{"line":175,"column":93}}],"line":175},"4":{"loc":{"start":{"line":183,"column":26},"end":{"line":183,"column":61}},"type":"default-arg","locations":[{"start":{"line":183,"column":55},"end":{"line":183,"column":61}}],"line":183},"5":{"loc":{"start":{"line":183,"column":63},"end":{"line":183,"column":79}},"type":"default-arg","locations":[{"start":{"line":183,"column":78},"end":{"line":183,"column":79}}],"line":183},"6":{"loc":{"start":{"line":203,"column":6},"end":{"line":206,"column":7}},"type":"if","locations":[{"start":{"line":203,"column":6},"end":{"line":206,"column":7}},{"start":{},"end":{}}],"line":203},"7":{"loc":{"start":{"line":226,"column":36},"end":{"line":226,"column":52}},"type":"default-arg","locations":[{"start":{"line":226,"column":51},"end":{"line":226,"column":52}}],"line":226},"8":{"loc":{"start":{"line":231,"column":6},"end":{"line":234,"column":7}},"type":"if","locations":[{"start":{"line":231,"column":6},"end":{"line":234,"column":7}},{"start":{},"end":{}}],"line":231},"9":{"loc":{"start":{"line":267,"column":6},"end":{"line":270,"column":7}},"type":"if","locations":[{"start":{"line":267,"column":6},"end":{"line":270,"column":7}},{"start":{},"end":{}}],"line":267},"10":{"loc":{"start":{"line":274,"column":21},"end":{"line":274,"column":59}},"type":"cond-expr","locations":[{"start":{"line":274,"column":30},"end":{"line":274,"column":54}},{"start":{"line":274,"column":57},"end":{"line":274,"column":59}}],"line":274},"11":{"loc":{"start":{"line":293,"column":4},"end":{"line":295,"column":5}},"type":"if","locations":[{"start":{"line":293,"column":4},"end":{"line":295,"column":5}},{"start":{},"end":{}}],"line":293},"12":{"loc":{"start":{"line":310,"column":36},"end":{"line":310,"column":52}},"type":"default-arg","locations":[{"start":{"line":310,"column":51},"end":{"line":310,"column":52}}],"line":310},"13":{"loc":{"start":{"line":311,"column":4},"end":{"line":313,"column":5}},"type":"if","locations":[{"start":{"line":311,"column":4},"end":{"line":313,"column":5}},{"start":{},"end":{}}],"line":311},"14":{"loc":{"start":{"line":334,"column":23},"end":{"line":334,"column":56}},"type":"default-arg","locations":[{"start":{"line":334,"column":54},"end":{"line":334,"column":56}}],"line":334},"15":{"loc":{"start":{"line":337,"column":14},"end":{"line":337,"column":30}},"type":"binary-expr","locations":[{"start":{"line":337,"column":14},"end":{"line":337,"column":25}},{"start":{"line":337,"column":29},"end":{"line":337,"column":30}}],"line":337},"16":{"loc":{"start":{"line":343,"column":6},"end":{"line":345,"column":7}},"type":"if","locations":[{"start":{"line":343,"column":6},"end":{"line":345,"column":7}},{"start":{},"end":{}}],"line":343},"17":{"loc":{"start":{"line":343,"column":10},"end":{"line":343,"column":51}},"type":"binary-expr","locations":[{"start":{"line":343,"column":10},"end":{"line":343,"column":23}},{"start":{"line":343,"column":27},"end":{"line":343,"column":51}}],"line":343},"18":{"loc":{"start":{"line":348,"column":6},"end":{"line":350,"column":7}},"type":"if","locations":[{"start":{"line":348,"column":6},"end":{"line":350,"column":7}},{"start":{},"end":{}}],"line":348},"19":{"loc":{"start":{"line":353,"column":6},"end":{"line":355,"column":7}},"type":"if","locations":[{"start":{"line":353,"column":6},"end":{"line":355,"column":7}},{"start":{},"end":{}}],"line":353},"20":{"loc":{"start":{"line":358,"column":6},"end":{"line":360,"column":7}},"type":"if","locations":[{"start":{"line":358,"column":6},"end":{"line":360,"column":7}},{"start":{},"end":{}}],"line":358},"21":{"loc":{"start":{"line":363,"column":6},"end":{"line":366,"column":7}},"type":"if","locations":[{"start":{"line":363,"column":6},"end":{"line":366,"column":7}},{"start":{},"end":{}}],"line":363},"22":{"loc":{"start":{"line":365,"column":35},"end":{"line":365,"column":56}},"type":"binary-expr","locations":[{"start":{"line":365,"column":35},"end":{"line":365,"column":48}},{"start":{"line":365,"column":52},"end":{"line":365,"column":56}}],"line":365},"23":{"loc":{"start":{"line":369,"column":6},"end":{"line":371,"column":7}},"type":"if","locations":[{"start":{"line":369,"column":6},"end":{"line":371,"column":7}},{"start":{},"end":{}}],"line":369},"24":{"loc":{"start":{"line":392,"column":25},"end":{"line":392,"column":41}},"type":"default-arg","locations":[{"start":{"line":392,"column":40},"end":{"line":392,"column":41}}],"line":392},"25":{"loc":{"start":{"line":407,"column":26},"end":{"line":407,"column":42}},"type":"default-arg","locations":[{"start":{"line":407,"column":41},"end":{"line":407,"column":42}}],"line":407},"26":{"loc":{"start":{"line":427,"column":6},"end":{"line":430,"column":7}},"type":"if","locations":[{"start":{"line":427,"column":6},"end":{"line":430,"column":7}},{"start":{},"end":{}}],"line":427},"27":{"loc":{"start":{"line":455,"column":6},"end":{"line":458,"column":7}},"type":"if","locations":[{"start":{"line":455,"column":6},"end":{"line":458,"column":7}},{"start":{},"end":{}}],"line":455},"28":{"loc":{"start":{"line":506,"column":37},"end":{"line":506,"column":58}},"type":"default-arg","locations":[{"start":{"line":506,"column":52},"end":{"line":506,"column":58}}],"line":506},"29":{"loc":{"start":{"line":517,"column":13},"end":{"line":517,"column":71}},"type":"binary-expr","locations":[{"start":{"line":517,"column":13},"end":{"line":517,"column":33}},{"start":{"line":517,"column":37},"end":{"line":517,"column":57}},{"start":{"line":517,"column":61},"end":{"line":517,"column":71}}],"line":517},"30":{"loc":{"start":{"line":519,"column":4},"end":{"line":519,"column":48}},"type":"if","locations":[{"start":{"line":519,"column":4},"end":{"line":519,"column":48}},{"start":{},"end":{}}],"line":519},"31":{"loc":{"start":{"line":523,"column":13},"end":{"line":523,"column":57}},"type":"binary-expr","locations":[{"start":{"line":523,"column":13},"end":{"line":523,"column":33}},{"start":{"line":523,"column":37},"end":{"line":523,"column":57}}],"line":523},"32":{"loc":{"start":{"line":525,"column":4},"end":{"line":525,"column":38}},"type":"if","locations":[{"start":{"line":525,"column":4},"end":{"line":525,"column":38}},{"start":{},"end":{}}],"line":525},"33":{"loc":{"start":{"line":529,"column":11},"end":{"line":529,"column":27}},"type":"binary-expr","locations":[{"start":{"line":529,"column":11},"end":{"line":529,"column":19}},{"start":{"line":529,"column":23},"end":{"line":529,"column":27}}],"line":529},"34":{"loc":{"start":{"line":535,"column":42},"end":{"line":535,"column":58}},"type":"default-arg","locations":[{"start":{"line":535,"column":57},"end":{"line":535,"column":58}}],"line":535},"35":{"loc":{"start":{"line":540,"column":6},"end":{"line":543,"column":7}},"type":"if","locations":[{"start":{"line":540,"column":6},"end":{"line":543,"column":7}},{"start":{},"end":{}}],"line":540}},"s":{"0":1,"1":1,"2":1,"3":1,"4":6,"5":0,"6":6,"7":6,"8":6,"9":0,"10":0,"11":0,"12":0,"13":0,"14":0,"15":0,"16":0,"17":0,"18":0,"19":0,"20":0,"21":0,"22":0,"23":0,"24":0,"25":0,"26":0,"27":0,"28":0,"29":0,"30":0,"31":0,"32":0,"33":0,"34":0,"35":0,"36":0,"37":0,"38":0,"39":0,"40":0,"41":0,"42":0,"43":0,"44":0,"45":0,"46":0,"47":0,"48":0,"49":0,"50":0,"51":0,"52":0,"53":0,"54":0,"55":0,"56":0,"57":0,"58":0,"59":0,"60":0,"61":0,"62":0,"63":0,"64":0,"65":0,"66":0,"67":0,"68":0,"69":0,"70":0,"71":0,"72":0,"73":0,"74":0,"75":0,"76":0,"77":0,"78":0,"79":0,"80":0,"81":0,"82":0,"83":0,"84":0,"85":0,"86":0,"87":0,"88":0,"89":0,"90":0,"91":0,"92":0,"93":0,"94":0,"95":0,"96":0,"97":0,"98":0,"99":0,"100":0,"101":0,"102":0,"103":0,"104":0,"105":0,"106":0,"107":0,"108":0,"109":0,"110":0,"111":0,"112":0,"113":0,"114":0,"115":0,"116":0,"117":0,"118":0,"119":0,"120":0,"121":0,"122":0,"123":0,"124":0,"125":0,"126":0,"127":0,"128":0,"129":0,"130":0,"131":0,"132":0,"133":0,"134":0,"135":0,"136":0,"137":0,"138":0,"139":0,"140":0,"141":0,"142":0,"143":0,"144":0,"145":0,"146":0,"147":0,"148":0,"149":0,"150":0,"151":0,"152":0,"153":0,"154":0,"155":0,"156":0,"157":0,"158":0,"159":1},"f":{"0":1,"1":6,"2":6,"3":0,"4":0,"5":0,"6":0,"7":0,"8":0,"9":0,"10":0,"11":0,"12":0,"13":0,"14":0,"15":0,"16":0,"17":0,"18":0,"19":0,"20":0,"21":0,"22":0,"23":0,"24":0},"b":{"0":[0],"1":[0,6],"2":[0],"3":[0],"4":[0],"5":[0],"6":[0,0],"7":[0],"8":[0,0],"9":[0,0],"10":[0,0],"11":[0,0],"12":[0],"13":[0,0],"14":[0],"15":[0,0],"16":[0,0],"17":[0,0],"18":[0,0],"19":[0,0],"20":[0,0],"21":[0,0],"22":[0,0],"23":[0,0],"24":[0],"25":[0],"26":[0,0],"27":[0,0],"28":[0],"29":[0,0,0],"30":[0,0],"31":[0,0],"32":[0,0],"33":[0,0],"34":[0],"35":[0,0]},"_coverageSchema":"1a1c01bbd47fc00a2c39e90264f33305004495a9","hash":"7d2441cc86940362ca3c73d24b242a3cbb4afc8a"}
,"/home/agent/.openclaw/workspace/projects/popcorns/app/lib/toast.tsx": {"path":"/home/agent/.openclaw/workspace/projects/popcorns/app/lib/toast.tsx","statementMap":{"0":{"start":{"line":19,"column":21},"end":{"line":19,"column":75}},"1":{"start":{"line":22,"column":28},"end":{"line":22,"column":63}},"2":{"start":{"line":24,"column":20},"end":{"line":26,"column":3}},"3":{"start":{"line":25,"column":4},"end":{"line":25,"column":22}},"4":{"start":{"line":28,"column":24},"end":{"line":30,"column":3}},"5":{"start":{"line":29,"column":4},"end":{"line":29,"column":19}},"6":{"start":{"line":32,"column":2},"end":{"line":44,"column":4}},"7":{"start":{"line":48,"column":18},"end":{"line":48,"column":42}},"8":{"start":{"line":49,"column":2},"end":{"line":51,"column":3}},"9":{"start":{"line":50,"column":4},"end":{"line":50,"column":68}},"10":{"start":{"line":52,"column":2},"end":{"line":52,"column":17}}},"fnMap":{"0":{"name":"ToastProvider","decl":{"start":{"line":21,"column":16},"end":{"line":21,"column":29}},"loc":{"start":{"line":21,"column":69},"end":{"line":45,"column":1}},"line":21},"1":{"name":"(anonymous_1)","decl":{"start":{"line":24,"column":20},"end":{"line":24,"column":21}},"loc":{"start":{"line":24,"column":47},"end":{"line":26,"column":3}},"line":24},"2":{"name":"(anonymous_2)","decl":{"start":{"line":28,"column":24},"end":{"line":28,"column":25}},"loc":{"start":{"line":28,"column":30},"end":{"line":30,"column":3}},"line":28},"3":{"name":"useToast","decl":{"start":{"line":47,"column":16},"end":{"line":47,"column":24}},"loc":{"start":{"line":47,"column":27},"end":{"line":53,"column":1}},"line":47}},"branchMap":{"0":{"loc":{"start":{"line":35,"column":7},"end":{"line":42,"column":7}},"type":"binary-expr","locations":[{"start":{"line":35,"column":7},"end":{"line":35,"column":12}},{"start":{"line":36,"column":8},"end":{"line":41,"column":10}}],"line":35},"1":{"loc":{"start":{"line":49,"column":2},"end":{"line":51,"column":3}},"type":"if","locations":[{"start":{"line":49,"column":2},"end":{"line":51,"column":3}},{"start":{},"end":{}}],"line":49}},"s":{"0":0,"1":0,"2":0,"3":0,"4":0,"5":0,"6":0,"7":0,"8":0,"9":0,"10":0},"f":{"0":0,"1":0,"2":0,"3":0},"b":{"0":[0,0],"1":[0,0]}}
,"/home/agent/.openclaw/workspace/projects/popcorns/app/lib/watchlist.ts": {"path":"/home/agent/.openclaw/workspace/projects/popcorns/app/lib/watchlist.ts","statementMap":{"0":{"start":{"line":9,"column":22},"end":{"line":9,"column":43}},"1":{"start":{"line":29,"column":2},"end":{"line":56,"column":3}},"2":{"start":{"line":30,"column":29},"end":{"line":30,"column":49}},"3":{"start":{"line":33,"column":19},"end":{"line":33,"column":70}},"4":{"start":{"line":33,"column":49},"end":{"line":33,"column":69}},"5":{"start":{"line":34,"column":4},"end":{"line":37,"column":5}},"6":{"start":{"line":35,"column":6},"end":{"line":35,"column":63}},"7":{"start":{"line":36,"column":6},"end":{"line":36,"column":13}},"8":{"start":{"line":39,"column":35},"end":{"line":48,"column":5}},"9":{"start":{"line":50,"column":29},"end":{"line":50,"column":59}},"10":{"start":{"line":51,"column":4},"end":{"line":51,"column":80}},"11":{"start":{"line":52,"column":4},"end":{"line":52,"column":69}},"12":{"start":{"line":54,"column":4},"end":{"line":54,"column":55}},"13":{"start":{"line":55,"column":4},"end":{"line":55,"column":16}},"14":{"start":{"line":63,"column":2},"end":{"line":71,"column":3}},"15":{"start":{"line":64,"column":29},"end":{"line":64,"column":49}},"16":{"start":{"line":65,"column":29},"end":{"line":65,"column":81}},"17":{"start":{"line":65,"column":61},"end":{"line":65,"column":80}},"18":{"start":{"line":66,"column":4},"end":{"line":66,"column":80}},"19":{"start":{"line":67,"column":4},"end":{"line":67,"column":63}},"20":{"start":{"line":69,"column":4},"end":{"line":69,"column":59}},"21":{"start":{"line":70,"column":4},"end":{"line":70,"column":16}},"22":{"start":{"line":78,"column":2},"end":{"line":85,"column":3}},"23":{"start":{"line":79,"column":17},"end":{"line":79,"column":58}},"24":{"start":{"line":80,"column":4},"end":{"line":80,"column":25}},"25":{"start":{"line":80,"column":15},"end":{"line":80,"column":25}},"26":{"start":{"line":81,"column":4},"end":{"line":81,"column":28}},"27":{"start":{"line":83,"column":4},"end":{"line":83,"column":53}},"28":{"start":{"line":84,"column":4},"end":{"line":84,"column":14}},"29":{"start":{"line":92,"column":2},"end":{"line":98,"column":3}},"30":{"start":{"line":93,"column":22},"end":{"line":93,"column":42}},"31":{"start":{"line":94,"column":4},"end":{"line":94,"column":55}},"32":{"start":{"line":94,"column":34},"end":{"line":94,"column":53}},"33":{"start":{"line":96,"column":4},"end":{"line":96,"column":54}},"34":{"start":{"line":97,"column":4},"end":{"line":97,"column":17}},"35":{"start":{"line":105,"column":2},"end":{"line":111,"column":3}},"36":{"start":{"line":106,"column":4},"end":{"line":106,"column":49}},"37":{"start":{"line":107,"column":4},"end":{"line":107,"column":40}},"38":{"start":{"line":109,"column":4},"end":{"line":109,"column":54}},"39":{"start":{"line":110,"column":4},"end":{"line":110,"column":16}},"40":{"start":{"line":122,"column":2},"end":{"line":132,"column":3}},"41":{"start":{"line":123,"column":22},"end":{"line":123,"column":42}},"42":{"start":{"line":124,"column":4},"end":{"line":128,"column":6}},"43":{"start":{"line":126,"column":39},"end":{"line":126,"column":65}},"44":{"start":{"line":127,"column":38},"end":{"line":127,"column":63}},"45":{"start":{"line":130,"column":4},"end":{"line":130,"column":59}},"46":{"start":{"line":131,"column":4},"end":{"line":131,"column":45}}},"fnMap":{"0":{"name":"addToWatchlist","decl":{"start":{"line":25,"column":22},"end":{"line":25,"column":36}},"loc":{"start":{"line":28,"column":17},"end":{"line":57,"column":1}},"line":28},"1":{"name":"(anonymous_1)","decl":{"start":{"line":33,"column":41},"end":{"line":33,"column":42}},"loc":{"start":{"line":33,"column":49},"end":{"line":33,"column":69}},"line":33},"2":{"name":"removeFromWatchlist","decl":{"start":{"line":62,"column":22},"end":{"line":62,"column":41}},"loc":{"start":{"line":62,"column":74},"end":{"line":72,"column":1}},"line":62},"3":{"name":"(anonymous_3)","decl":{"start":{"line":65,"column":53},"end":{"line":65,"column":54}},"loc":{"start":{"line":65,"column":61},"end":{"line":65,"column":80}},"line":65},"4":{"name":"getWatchlist","decl":{"start":{"line":77,"column":22},"end":{"line":77,"column":34}},"loc":{"start":{"line":77,"column":63},"end":{"line":86,"column":1}},"line":77},"5":{"name":"isInWatchlist","decl":{"start":{"line":91,"column":22},"end":{"line":91,"column":35}},"loc":{"start":{"line":91,"column":71},"end":{"line":99,"column":1}},"line":91},"6":{"name":"(anonymous_6)","decl":{"start":{"line":94,"column":26},"end":{"line":94,"column":27}},"loc":{"start":{"line":94,"column":34},"end":{"line":94,"column":53}},"line":94},"7":{"name":"clearWatchlist","decl":{"start":{"line":104,"column":22},"end":{"line":104,"column":36}},"loc":{"start":{"line":104,"column":54},"end":{"line":112,"column":1}},"line":104},"8":{"name":"getWatchlistStats","decl":{"start":{"line":117,"column":22},"end":{"line":117,"column":39}},"loc":{"start":{"line":121,"column":3},"end":{"line":133,"column":1}},"line":121},"9":{"name":"(anonymous_9)","decl":{"start":{"line":126,"column":31},"end":{"line":126,"column":32}},"loc":{"start":{"line":126,"column":39},"end":{"line":126,"column":65}},"line":126},"10":{"name":"(anonymous_10)","decl":{"start":{"line":127,"column":30},"end":{"line":127,"column":31}},"loc":{"start":{"line":127,"column":38},"end":{"line":127,"column":63}},"line":127}},"branchMap":{"0":{"loc":{"start":{"line":27,"column":2},"end":{"line":27,"column":41}},"type":"default-arg","locations":[{"start":{"line":27,"column":33},"end":{"line":27,"column":41}}],"line":27},"1":{"loc":{"start":{"line":34,"column":4},"end":{"line":37,"column":5}},"type":"if","locations":[{"start":{"line":34,"column":4},"end":{"line":37,"column":5}},{"start":{},"end":{}}],"line":34},"2":{"loc":{"start":{"line":80,"column":4},"end":{"line":80,"column":25}},"type":"if","locations":[{"start":{"line":80,"column":4},"end":{"line":80,"column":25}},{"start":{},"end":{}}],"line":80}},"s":{"0":1,"1":5,"2":5,"3":5,"4":2,"5":5,"6":1,"7":1,"8":4,"9":4,"10":4,"11":3,"12":1,"13":1,"14":2,"15":2,"16":2,"17":3,"18":2,"19":1,"20":1,"21":1,"22":16,"23":16,"24":13,"25":5,"26":8,"27":3,"28":3,"29":3,"30":3,"31":3,"32":2,"33":0,"34":0,"35":2,"36":2,"37":1,"38":1,"39":1,"40":3,"41":3,"42":3,"43":4,"44":4,"45":0,"46":0},"f":{"0":5,"1":2,"2":2,"3":3,"4":16,"5":3,"6":2,"7":2,"8":3,"9":4,"10":4},"b":{"0":[0],"1":[1,4],"2":[5,8]},"_coverageSchema":"1a1c01bbd47fc00a2c39e90264f33305004495a9","hash":"e93500758c1d82aa2dad30229475a194a1902c01"}
}
