TN:
SF:app/_layout.tsx
FN:12,RootLayout
FNF:1
FNH:0
FNDA:0,RootLayout
DA:13,0
LF:1
LH:0
BRF:0
BRH:0
end_of_record
TN:
SF:app/(tabs)/_layout.tsx
FN:10,TabsLayout
FN:32,(anonymous_1)
FN:39,(anonymous_2)
FN:46,(anonymous_3)
FN:53,(anonymous_4)
FNF:5
FNH:0
FNDA:0,TabsLayout
FNDA:0,(anonymous_1)
FNDA:0,(anonymous_2)
FNDA:0,(anonymous_3)
FNDA:0,(anonymous_4)
DA:11,0
DA:32,0
DA:39,0
DA:46,0
DA:53,0
LF:5
LH:0
BRF:0
BRH:0
end_of_record
TN:
SF:app/(tabs)/index.tsx
FN:40,DiscoveryScreen
FN:69,(anonymous_1)
FN:81,(anonymous_2)
FN:91,(anonymous_3)
FN:98,(anonymous_4)
FN:102,(anonymous_5)
FN:109,(anonymous_6)
FN:119,(anonymous_7)
FN:131,(anonymous_8)
FN:138,(anonymous_9)
FN:179,(anonymous_10)
FN:193,(anonymous_11)
FN:205,(anonymous_12)
FN:212,(anonymous_13)
FN:232,(anonymous_14)
FN:252,(anonymous_15)
FN:268,(anonymous_16)
FN:274,(anonymous_17)
FN:281,(anonymous_18)
FN:294,(anonymous_19)
FN:326,(anonymous_20)
FN:327,(anonymous_21)
FN:332,(anonymous_22)
FN:343,(anonymous_23)
FN:344,(anonymous_24)
FN:353,(anonymous_25)
FN:354,(anonymous_26)
FN:364,(anonymous_27)
FN:365,(anonymous_28)
FN:425,(anonymous_29)
FN:428,(anonymous_30)
FN:428,(anonymous_31)
FN:436,(anonymous_32)
FN:445,(anonymous_33)
FN:454,(anonymous_34)
FN:463,(anonymous_35)
FN:509,(anonymous_36)
FN:515,(anonymous_37)
FN:528,(anonymous_38)
FN:535,(anonymous_39)
FN:560,(anonymous_40)
FN:562,(anonymous_41)
FN:593,(anonymous_42)
FN:597,(anonymous_43)
FN:611,(anonymous_44)
FN:618,(anonymous_45)
FN:644,(anonymous_46)
FN:645,(anonymous_47)
FNF:48
FNH:0
FNDA:0,DiscoveryScreen
FNDA:0,(anonymous_1)
FNDA:0,(anonymous_2)
FNDA:0,(anonymous_3)
FNDA:0,(anonymous_4)
FNDA:0,(anonymous_5)
FNDA:0,(anonymous_6)
FNDA:0,(anonymous_7)
FNDA:0,(anonymous_8)
FNDA:0,(anonymous_9)
FNDA:0,(anonymous_10)
FNDA:0,(anonymous_11)
FNDA:0,(anonymous_12)
FNDA:0,(anonymous_13)
FNDA:0,(anonymous_14)
FNDA:0,(anonymous_15)
FNDA:0,(anonymous_16)
FNDA:0,(anonymous_17)
FNDA:0,(anonymous_18)
FNDA:0,(anonymous_19)
FNDA:0,(anonymous_20)
FNDA:0,(anonymous_21)
FNDA:0,(anonymous_22)
FNDA:0,(anonymous_23)
FNDA:0,(anonymous_24)
FNDA:0,(anonymous_25)
FNDA:0,(anonymous_26)
FNDA:0,(anonymous_27)
FNDA:0,(anonymous_28)
FNDA:0,(anonymous_29)
FNDA:0,(anonymous_30)
FNDA:0,(anonymous_31)
FNDA:0,(anonymous_32)
FNDA:0,(anonymous_33)
FNDA:0,(anonymous_34)
FNDA:0,(anonymous_35)
FNDA:0,(anonymous_36)
FNDA:0,(anonymous_37)
FNDA:0,(anonymous_38)
FNDA:0,(anonymous_39)
FNDA:0,(anonymous_40)
FNDA:0,(anonymous_41)
FNDA:0,(anonymous_42)
FNDA:0,(anonymous_43)
FNDA:0,(anonymous_44)
FNDA:0,(anonymous_45)
FNDA:0,(anonymous_46)
FNDA:0,(anonymous_47)
DA:41,0
DA:42,0
DA:43,0
DA:44,0
DA:45,0
DA:46,0
DA:47,0
DA:48,0
DA:49,0
DA:52,0
DA:55,0
DA:56,0
DA:59,0
DA:60,0
DA:63,0
DA:64,0
DA:65,0
DA:66,0
DA:69,0
DA:70,0
DA:71,0
DA:72,0
DA:73,0
DA:75,0
DA:77,0
DA:81,0
DA:82,0
DA:91,0
DA:92,0
DA:93,0
DA:94,0
DA:98,0
DA:99,0
DA:102,0
DA:103,0
DA:104,0
DA:109,0
DA:110,0
DA:111,0
DA:114,0
DA:115,0
DA:116,0
DA:119,0
DA:120,0
DA:121,0
DA:122,0
DA:123,0
DA:125,0
DA:127,0
DA:131,0
DA:132,0
DA:133,0
DA:138,0
DA:139,0
DA:140,0
DA:141,0
DA:143,0
DA:145,0
DA:149,0
DA:151,0
DA:152,0
DA:161,0
DA:162,0
DA:165,0
DA:166,0
DA:167,0
DA:171,0
DA:172,0
DA:175,0
DA:176,0
DA:177,0
DA:179,0
DA:182,0
DA:183,0
DA:185,0
DA:186,0
DA:188,0
DA:189,0
DA:193,0
DA:194,0
DA:196,0
DA:199,0
DA:200,0
DA:201,0
DA:205,0
DA:206,0
DA:207,0
DA:208,0
DA:209,0
DA:212,0
DA:213,0
DA:214,0
DA:215,0
DA:216,0
DA:221,0
DA:222,0
DA:227,0
DA:228,0
DA:229,0
DA:232,0
DA:233,0
DA:234,0
DA:235,0
DA:236,0
DA:241,0
DA:242,0
DA:247,0
DA:248,0
DA:249,0
DA:252,0
DA:253,0
DA:255,0
DA:256,0
DA:257,0
DA:258,0
DA:261,0
DA:262,0
DA:263,0
DA:268,0
DA:269,0
DA:270,0
DA:271,0
DA:274,0
DA:275,0
DA:276,0
DA:277,0
DA:278,0
DA:281,0
DA:282,0
DA:283,0
DA:284,0
DA:285,0
DA:286,0
DA:289,0
DA:290,0
DA:291,0
DA:294,0
DA:295,0
DA:296,0
DA:297,0
DA:298,0
DA:299,0
DA:300,0
DA:301,0
DA:302,0
DA:303,0
DA:305,0
DA:307,0
DA:311,0
DA:317,0
DA:318,0
DA:319,0
DA:320,0
DA:322,0
DA:326,0
DA:327,0
DA:328,0
DA:329,0
DA:330,0
DA:332,0
DA:335,0
DA:343,0
DA:344,0
DA:349,0
DA:350,0
DA:353,0
DA:354,0
DA:355,0
DA:356,0
DA:357,0
DA:358,0
DA:360,0
DA:361,0
DA:364,0
DA:365,0
DA:372,0
DA:373,0
DA:391,0
DA:392,0
DA:399,0
DA:425,0
DA:428,0
DA:436,0
DA:445,0
DA:454,0
DA:463,0
DA:509,0
DA:515,0
DA:529,0
DA:535,0
DA:561,0
DA:562,0
DA:594,0
DA:597,0
DA:612,0
DA:618,0
DA:645,0
DA:673,0
LF:198
LH:0
BRDA:83,0,0,0
BRDA:83,0,1,0
BRDA:83,0,2,0
BRDA:83,0,3,0
BRDA:83,0,4,0
BRDA:103,1,0,0
BRDA:103,1,1,0
BRDA:103,2,0,0
BRDA:103,2,1,0
BRDA:110,3,0,0
BRDA:110,3,1,0
BRDA:114,4,0,0
BRDA:114,4,1,0
BRDA:132,5,0,0
BRDA:132,5,1,0
BRDA:138,6,0,0
BRDA:140,7,0,0
BRDA:140,7,1,0
BRDA:149,8,0,0
BRDA:149,8,1,0
BRDA:153,9,0,0
BRDA:153,9,1,0
BRDA:162,10,0,0
BRDA:162,10,1,0
BRDA:165,11,0,0
BRDA:165,11,1,0
BRDA:175,12,0,0
BRDA:175,12,1,0
BRDA:194,13,0,0
BRDA:194,13,1,0
BRDA:255,14,0,0
BRDA:255,14,1,0
BRDA:255,15,0,0
BRDA:255,15,1,0
BRDA:255,15,2,0
BRDA:257,16,0,0
BRDA:257,16,1,0
BRDA:270,17,0,0
BRDA:270,17,1,0
BRDA:296,18,0,0
BRDA:296,18,1,0
BRDA:298,19,0,0
BRDA:298,19,1,0
BRDA:301,20,0,0
BRDA:301,20,1,0
BRDA:311,21,0,0
BRDA:311,21,1,0
BRDA:311,21,2,0
BRDA:311,21,3,0
BRDA:311,21,4,0
BRDA:317,22,0,0
BRDA:317,22,1,0
BRDA:329,23,0,0
BRDA:329,23,1,0
BRDA:372,24,0,0
BRDA:372,24,1,0
BRDA:391,25,0,0
BRDA:391,25,1,0
BRDA:406,26,0,0
BRDA:406,26,1,0
BRDA:411,27,0,0
BRDA:411,27,1,0
BRDA:415,28,0,0
BRDA:415,28,1,0
BRDA:422,29,0,0
BRDA:422,29,1,0
BRDA:433,30,0,0
BRDA:433,30,1,0
BRDA:442,31,0,0
BRDA:442,31,1,0
BRDA:451,32,0,0
BRDA:451,32,1,0
BRDA:460,33,0,0
BRDA:460,33,1,0
BRDA:481,34,0,0
BRDA:481,34,1,0
BRDA:524,35,0,0
BRDA:524,35,1,0
BRDA:533,36,0,0
BRDA:533,36,1,0
BRDA:540,37,0,0
BRDA:540,37,1,0
BRDA:559,38,0,0
BRDA:559,38,1,0
BRDA:564,39,0,0
BRDA:564,39,1,0
BRDA:574,40,0,0
BRDA:574,40,1,0
BRDA:588,41,0,0
BRDA:588,41,1,0
BRDA:591,42,0,0
BRDA:591,42,1,0
BRDA:591,42,2,0
BRDA:616,43,0,0
BRDA:616,43,1,0
BRDA:623,44,0,0
BRDA:623,44,1,0
BRDA:636,45,0,0
BRDA:636,45,1,0
BRDA:643,46,0,0
BRDA:643,46,1,0
BRDA:647,47,0,0
BRDA:647,47,1,0
BRF:103
BRH:0
end_of_record
TN:
SF:app/(tabs)/profile.tsx
FN:9,ProfileScreen
FNF:1
FNH:0
FNDA:0,ProfileScreen
DA:10,0
DA:47,0
LF:2
LH:0
BRF:0
BRH:0
end_of_record
TN:
SF:app/(tabs)/search.tsx
FN:25,SearchScreen
FN:33,(anonymous_1)
FN:41,(anonymous_2)
FN:56,(anonymous_3)
FN:59,(anonymous_4)
FN:63,(anonymous_5)
FN:70,(anonymous_6)
FN:101,(anonymous_7)
FN:106,(anonymous_8)
FN:171,(anonymous_9)
FN:182,(anonymous_10)
FNF:11
FNH:0
FNDA:0,SearchScreen
FNDA:0,(anonymous_1)
FNDA:0,(anonymous_2)
FNDA:0,(anonymous_3)
FNDA:0,(anonymous_4)
FNDA:0,(anonymous_5)
FNDA:0,(anonymous_6)
FNDA:0,(anonymous_7)
FNDA:0,(anonymous_8)
FNDA:0,(anonymous_9)
FNDA:0,(anonymous_10)
DA:26,0
DA:27,0
DA:28,0
DA:29,0
DA:30,0
DA:33,0
DA:34,0
DA:35,0
DA:36,0
DA:37,0
DA:40,0
DA:41,0
DA:42,0
DA:43,0
DA:44,0
DA:45,0
DA:46,0
DA:48,0
DA:49,0
DA:50,0
DA:52,0
DA:56,0
DA:59,0
DA:60,0
DA:63,0
DA:64,0
DA:65,0
DA:67,0
DA:70,0
DA:101,0
DA:102,0
DA:103,0
DA:107,0
DA:113,0
DA:114,0
DA:128,0
DA:129,0
DA:143,0
DA:144,0
DA:151,0
DA:154,0
DA:171,0
DA:182,0
DA:198,0
DA:199,0
DA:201,0
LF:46
LH:0
BRDA:34,0,0,0
BRDA:34,0,1,0
BRDA:64,1,0,0
BRDA:64,1,1,0
BRDA:65,2,0,0
BRDA:65,2,1,0
BRDA:74,3,0,0
BRDA:74,3,1,0
BRDA:102,4,0,0
BRDA:102,4,1,0
BRDA:113,5,0,0
BRDA:113,5,1,0
BRDA:128,6,0,0
BRDA:128,6,1,0
BRDA:128,7,0,0
BRDA:128,7,1,0
BRDA:143,8,0,0
BRDA:143,8,1,0
BRDA:146,9,0,0
BRDA:146,9,1,0
BRDA:170,10,0,0
BRDA:170,10,1,0
BRDA:180,11,0,0
BRDA:180,11,1,0
BRDA:180,12,0,0
BRDA:180,12,1,0
BRF:26
BRH:0
end_of_record
TN:
SF:app/(tabs)/watchlist.tsx
FN:14,WatchlistScreen
FN:22,(anonymous_1)
FN:27,(anonymous_2)
FN:39,(anonymous_3)
FN:45,(anonymous_4)
FN:46,(anonymous_5)
FN:60,(anonymous_6)
FN:63,(anonymous_7)
FN:63,(anonymous_8)
FN:82,(anonymous_9)
FN:83,(anonymous_10)
FN:95,(anonymous_11)
FN:115,(anonymous_12)
FN:135,(anonymous_13)
FN:143,(anonymous_14)
FN:152,(anonymous_15)
FNF:16
FNH:0
FNDA:0,WatchlistScreen
FNDA:0,(anonymous_1)
FNDA:0,(anonymous_2)
FNDA:0,(anonymous_3)
FNDA:0,(anonymous_4)
FNDA:0,(anonymous_5)
FNDA:0,(anonymous_6)
FNDA:0,(anonymous_7)
FNDA:0,(anonymous_8)
FNDA:0,(anonymous_9)
FNDA:0,(anonymous_10)
FNDA:0,(anonymous_11)
FNDA:0,(anonymous_12)
FNDA:0,(anonymous_13)
FNDA:0,(anonymous_14)
FNDA:0,(anonymous_15)
DA:15,0
DA:16,0
DA:17,0
DA:18,0
DA:21,0
DA:23,0
DA:27,0
DA:28,0
DA:29,0
DA:30,0
DA:31,0
DA:33,0
DA:35,0
DA:39,0
DA:40,0
DA:41,0
DA:42,0
DA:45,0
DA:46,0
DA:47,0
DA:49,0
DA:61,0
DA:62,0
DA:63,0
DA:64,0
DA:68,0
DA:70,0
DA:71,0
DA:82,0
DA:83,0
DA:85,0
DA:86,0
DA:95,0
DA:96,0
DA:115,0
DA:116,0
DA:135,0
DA:136,0
DA:143,0
DA:144,0
DA:147,0
DA:152,0
DA:175,0
LF:43
LH:0
BRDA:47,0,0,0
BRDA:47,0,1,0
BRDA:85,1,0,0
BRDA:85,1,1,0
BRDA:98,2,0,0
BRDA:98,2,1,0
BRDA:101,3,0,0
BRDA:101,3,1,0
BRDA:103,4,0,0
BRDA:103,4,1,0
BRDA:105,5,0,0
BRDA:105,5,1,0
BRF:12
BRH:0
end_of_record
TN:
SF:app/movie/[id].tsx
FN:52,(anonymous_0)
FN:76,MovieDetailScreen
FN:101,(anonymous_2)
FN:108,(anonymous_3)
FN:125,(anonymous_4)
FN:130,(anonymous_5)
FN:137,(anonymous_6)
FN:147,(anonymous_7)
FN:169,(anonymous_8)
FN:175,(anonymous_9)
FN:183,(anonymous_10)
FN:213,(anonymous_11)
FN:231,(anonymous_12)
FN:291,(anonymous_13)
FN:322,(anonymous_14)
FN:350,(anonymous_15)
FN:390,(anonymous_16)
FN:396,(anonymous_17)
FN:436,(anonymous_18)
FN:443,(anonymous_19)
FN:448,(anonymous_20)
FN:455,(anonymous_21)
FN:490,(anonymous_22)
FN:509,(anonymous_23)
FN:523,(anonymous_24)
FN:530,(anonymous_25)
FN:568,(anonymous_26)
FN:594,(anonymous_27)
FN:622,(anonymous_28)
FN:627,(anonymous_29)
FN:629,(anonymous_30)
FN:632,(anonymous_31)
FN:642,(anonymous_32)
FN:643,(anonymous_33)
FNF:34
FNH:0
FNDA:0,(anonymous_0)
FNDA:0,MovieDetailScreen
FNDA:0,(anonymous_2)
FNDA:0,(anonymous_3)
FNDA:0,(anonymous_4)
FNDA:0,(anonymous_5)
FNDA:0,(anonymous_6)
FNDA:0,(anonymous_7)
FNDA:0,(anonymous_8)
FNDA:0,(anonymous_9)
FNDA:0,(anonymous_10)
FNDA:0,(anonymous_11)
FNDA:0,(anonymous_12)
FNDA:0,(anonymous_13)
FNDA:0,(anonymous_14)
FNDA:0,(anonymous_15)
FNDA:0,(anonymous_16)
FNDA:0,(anonymous_17)
FNDA:0,(anonymous_18)
FNDA:0,(anonymous_19)
FNDA:0,(anonymous_20)
FNDA:0,(anonymous_21)
FNDA:0,(anonymous_22)
FNDA:0,(anonymous_23)
FNDA:0,(anonymous_24)
FNDA:0,(anonymous_25)
FNDA:0,(anonymous_26)
FNDA:0,(anonymous_27)
FNDA:0,(anonymous_28)
FNDA:0,(anonymous_29)
FNDA:0,(anonymous_30)
FNDA:0,(anonymous_31)
FNDA:0,(anonymous_32)
FNDA:0,(anonymous_33)
DA:28,0
DA:29,0
DA:38,0
DA:52,0
DA:53,0
DA:73,0
DA:77,0
DA:78,0
DA:79,0
DA:80,0
DA:81,0
DA:82,0
DA:83,0
DA:84,0
DA:85,0
DA:88,0
DA:89,0
DA:90,0
DA:91,0
DA:94,0
DA:95,0
DA:98,0
DA:99,0
DA:101,0
DA:102,0
DA:103,0
DA:104,0
DA:105,0
DA:108,0
DA:109,0
DA:110,0
DA:111,0
DA:112,0
DA:113,0
DA:114,0
DA:115,0
DA:116,0
DA:118,0
DA:119,0
DA:121,0
DA:125,0
DA:126,0
DA:127,0
DA:128,0
DA:129,0
DA:130,0
DA:133,0
DA:137,0
DA:138,0
DA:140,0
DA:141,0
DA:142,0
DA:143,0
DA:145,0
DA:147,0
DA:150,0
DA:162,0
DA:163,0
DA:165,0
DA:169,0
DA:170,0
DA:171,0
DA:172,0
DA:173,0
DA:175,0
DA:176,0
DA:179,0
DA:183,0
DA:184,0
DA:186,0
DA:187,0
DA:188,0
DA:189,0
DA:191,0
DA:198,0
DA:199,0
DA:202,0
DA:205,0
DA:206,0
DA:207,0
DA:209,0
DA:213,0
DA:214,0
DA:215,0
DA:216,0
DA:218,0
DA:219,0
DA:220,0
DA:221,0
DA:222,0
DA:224,0
DA:228,0
DA:231,0
DA:232,0
DA:233,0
DA:234,0
DA:235,0
DA:237,0
DA:239,0
DA:243,0
DA:244,0
DA:252,0
DA:253,0
DA:264,0
DA:265,0
DA:266,0
DA:267,0
DA:268,0
DA:270,0
DA:271,0
DA:272,0
DA:273,0
DA:275,0
DA:291,0
DA:323,0
DA:351,0
DA:352,0
DA:391,0
DA:392,0
DA:397,0
DA:399,0
DA:437,0
DA:439,0
DA:444,0
DA:445,0
DA:446,0
DA:447,0
DA:448,0
DA:449,0
DA:452,0
DA:454,0
DA:455,0
DA:456,0
DA:491,0
DA:492,0
DA:493,0
DA:509,0
DA:524,0
DA:530,0
DA:569,0
DA:594,0
DA:622,0
DA:627,0
DA:629,0
DA:632,0
DA:642,0
DA:644,0
DA:645,0
DA:646,0
DA:647,0
DA:648,0
DA:666,0
LF:152
LH:0
BRDA:73,0,0,0
BRDA:73,0,1,0
BRDA:128,1,0,0
BRDA:128,1,1,0
BRDA:138,2,0,0
BRDA:138,2,1,0
BRDA:143,3,0,0
BRDA:143,3,1,0
BRDA:145,4,0,0
BRDA:145,4,1,0
BRDA:172,5,0,0
BRDA:172,5,1,0
BRDA:184,6,0,0
BRDA:184,6,1,0
BRDA:189,7,0,0
BRDA:189,7,1,0
BRDA:213,8,0,0
BRDA:219,9,0,0
BRDA:219,9,1,0
BRDA:221,10,0,0
BRDA:221,10,1,0
BRDA:221,11,0,0
BRDA:221,11,1,0
BRDA:243,12,0,0
BRDA:243,12,1,0
BRDA:252,13,0,0
BRDA:252,13,1,0
BRDA:252,14,0,0
BRDA:252,14,1,0
BRDA:256,15,0,0
BRDA:256,15,1,0
BRDA:267,16,0,0
BRDA:267,16,1,0
BRDA:268,17,0,0
BRDA:268,17,1,0
BRDA:270,18,0,0
BRDA:270,18,1,0
BRDA:271,19,0,0
BRDA:271,19,1,0
BRDA:272,20,0,0
BRDA:272,20,1,0
BRDA:272,21,0,0
BRDA:272,21,1,0
BRDA:273,22,0,0
BRDA:273,22,1,0
BRDA:311,23,0,0
BRDA:311,23,1,0
BRDA:320,24,0,0
BRDA:320,24,1,0
BRDA:320,24,2,0
BRDA:331,25,0,0
BRDA:331,25,1,0
BRDA:338,26,0,0
BRDA:338,26,1,0
BRDA:342,27,0,0
BRDA:342,27,1,0
BRDA:380,28,0,0
BRDA:380,28,1,0
BRDA:384,29,0,0
BRDA:384,29,1,0
BRDA:434,30,0,0
BRDA:434,30,1,0
BRDA:446,31,0,0
BRDA:446,31,1,0
BRDA:485,32,0,0
BRDA:485,32,1,0
BRDA:513,33,0,0
BRDA:513,33,1,0
BRDA:519,34,0,0
BRDA:519,34,1,0
BRDA:528,35,0,0
BRDA:528,35,1,0
BRDA:535,36,0,0
BRDA:535,36,1,0
BRDA:566,37,0,0
BRDA:566,37,1,0
BRDA:577,38,0,0
BRDA:577,38,1,0
BRDA:605,39,0,0
BRDA:605,39,1,0
BRDA:610,40,0,0
BRDA:610,40,1,0
BRDA:617,41,0,0
BRDA:617,41,1,0
BRDA:617,41,2,0
BRDA:647,42,0,0
BRDA:647,42,1,0
BRDA:652,43,0,0
BRDA:652,43,1,0
BRF:89
BRH:0
end_of_record
TN:
SF:components/CachedImage.tsx
FN:32,CachedImage
FN:64,(anonymous_1)
FN:65,(anonymous_2)
FN:66,(anonymous_3)
FNF:4
FNH:1
FNDA:15,CachedImage
FNDA:0,(anonymous_1)
FNDA:0,(anonymous_2)
FNDA:0,(anonymous_3)
DA:14,2
DA:41,15
DA:42,15
DA:45,15
DA:48,15
DA:49,0
DA:50,0
DA:52,0
DA:55,15
DA:64,0
DA:65,0
DA:67,0
DA:68,0
DA:81,2
LF:14
LH:7
BRDA:35,0,0,15
BRDA:38,1,0,0
BRDA:45,2,0,15
BRDA:45,2,1,0
BRDA:48,3,0,0
BRDA:48,3,1,15
BRDA:48,4,0,15
BRDA:48,4,1,15
BRDA:49,5,0,0
BRDA:49,5,1,0
BRDA:59,6,0,15
BRDA:59,6,1,15
BRDA:72,7,0,15
BRDA:72,7,1,0
BRDA:72,7,2,0
BRF:15
BRH:8
end_of_record
TN:
SF:components/MovieCard.tsx
FN:22,MovieCard
FN:28,(anonymous_1)
FNF:2
FNH:1
FNDA:6,MovieCard
FNDA:0,(anonymous_1)
DA:14,1
DA:15,1
DA:16,1
DA:23,6
DA:24,6
DA:25,6
DA:26,6
DA:28,6
DA:29,0
DA:30,0
DA:33,6
DA:79,1
LF:12
LH:10
BRDA:26,0,0,5
BRDA:26,0,1,1
BRF:2
BRH:2
end_of_record
TN:
SF:components/SkeletonCard.tsx
FN:20,SkeletonCard
FN:23,(anonymous_1)
FN:31,(anonymous_2)
FN:87,SkeletonCastItem
FN:90,(anonymous_4)
FN:98,(anonymous_5)
FN:122,SkeletonSimilarMovie
FN:125,(anonymous_7)
FN:133,(anonymous_8)
FN:157,SkeletonSearchCard
FN:160,(anonymous_10)
FN:168,(anonymous_11)
FNF:12
FNH:0
FNDA:0,SkeletonCard
FNDA:0,(anonymous_1)
FNDA:0,(anonymous_2)
FNDA:0,SkeletonCastItem
FNDA:0,(anonymous_4)
FNDA:0,(anonymous_5)
FNDA:0,SkeletonSimilarMovie
FNDA:0,(anonymous_7)
FNDA:0,(anonymous_8)
FNDA:0,SkeletonSearchCard
FNDA:0,(anonymous_10)
FNDA:0,(anonymous_11)
DA:17,0
DA:18,0
DA:21,0
DA:23,0
DA:24,0
DA:31,0
DA:32,0
DA:38,0
DA:43,0
DA:88,0
DA:90,0
DA:91,0
DA:98,0
DA:99,0
DA:105,0
DA:110,0
DA:123,0
DA:125,0
DA:126,0
DA:133,0
DA:134,0
DA:140,0
DA:145,0
DA:158,0
DA:160,0
DA:161,0
DA:168,0
DA:169,0
DA:175,0
DA:180,0
DA:197,0
LF:31
LH:0
BRF:0
BRH:0
end_of_record
TN:
SF:components/SwipeStack.tsx
FN:38,SwipeStack
FN:48,(anonymous_1)
FN:60,(anonymous_2)
FN:64,(anonymous_3)
FN:68,(anonymous_4)
FN:72,(anonymous_5)
FN:81,(anonymous_6)
FN:90,(anonymous_7)
FN:99,(anonymous_8)
FN:126,(anonymous_9)
FN:155,SwipeCard
FN:163,(anonymous_11)
FN:202,(anonymous_12)
FN:219,(anonymous_13)
FN:236,(anonymous_14)
FNF:15
FNH:0
FNDA:0,SwipeStack
FNDA:0,(anonymous_1)
FNDA:0,(anonymous_2)
FNDA:0,(anonymous_3)
FNDA:0,(anonymous_4)
FNDA:0,(anonymous_5)
FNDA:0,(anonymous_6)
FNDA:0,(anonymous_7)
FNDA:0,(anonymous_8)
FNDA:0,(anonymous_9)
FNDA:0,SwipeCard
FNDA:0,(anonymous_11)
FNDA:0,(anonymous_12)
FNDA:0,(anonymous_13)
FNDA:0,(anonymous_14)
DA:25,0
DA:26,0
DA:27,0
DA:28,0
DA:29,0
DA:44,0
DA:45,0
DA:46,0
DA:48,0
DA:49,0
DA:50,0
DA:52,0
DA:53,0
DA:54,0
DA:55,0
DA:56,0
DA:57,0
DA:60,0
DA:63,0
DA:66,0
DA:69,0
DA:70,0
DA:73,0
DA:74,0
DA:75,0
DA:77,0
DA:79,0
DA:80,0
DA:81,0
DA:82,0
DA:83,0
DA:84,0
DA:86,0
DA:88,0
DA:89,0
DA:90,0
DA:91,0
DA:92,0
DA:93,0
DA:95,0
DA:97,0
DA:98,0
DA:99,0
DA:100,0
DA:101,0
DA:102,0
DA:105,0
DA:106,0
DA:111,0
DA:112,0
DA:122,0
DA:124,0
DA:127,0
DA:128,0
DA:130,0
DA:163,0
DA:164,0
DA:165,0
DA:171,0
DA:177,0
DA:186,0
DA:193,0
DA:202,0
DA:203,0
DA:204,0
DA:210,0
DA:216,0
DA:219,0
DA:220,0
DA:221,0
DA:227,0
DA:233,0
DA:236,0
DA:237,0
DA:238,0
DA:244,0
DA:250,0
DA:254,0
DA:271,0
DA:280,0
LF:80
LH:0
BRDA:50,0,0,0
BRDA:50,0,1,0
BRDA:52,1,0,0
BRDA:52,1,1,0
BRDA:52,2,0,0
BRDA:52,2,1,0
BRDA:54,3,0,0
BRDA:54,3,1,0
BRDA:54,4,0,0
BRDA:54,4,1,0
BRDA:56,5,0,0
BRDA:56,5,1,0
BRDA:56,6,0,0
BRDA:56,6,1,0
BRDA:75,7,0,0
BRDA:75,7,1,0
BRDA:77,8,0,0
BRDA:77,8,1,0
BRDA:86,9,0,0
BRDA:86,9,1,0
BRDA:95,10,0,0
BRDA:95,10,1,0
BRDA:111,11,0,0
BRDA:111,11,1,0
BRDA:111,12,0,0
BRDA:111,12,1,0
BRDA:138,13,0,0
BRDA:138,13,1,0
BRDA:164,14,0,0
BRDA:164,14,1,0
BRDA:203,15,0,0
BRDA:203,15,1,0
BRDA:220,16,0,0
BRDA:220,16,1,0
BRDA:237,17,0,0
BRDA:237,17,1,0
BRDA:271,18,0,0
BRDA:271,18,1,0
BRDA:271,19,0,0
BRDA:271,19,1,0
BRF:40
BRH:0
end_of_record
TN:
SF:components/Toast.tsx
FN:28,Toast
FN:37,(anonymous_1)
FN:46,(anonymous_2)
FN:48,(anonymous_3)
FN:55,(anonymous_4)
FN:58,(anonymous_5)
FN:65,(anonymous_6)
FN:77,(anonymous_7)
FN:89,(anonymous_8)
FNF:9
FNH:0
FNDA:0,Toast
FNDA:0,(anonymous_1)
FNDA:0,(anonymous_2)
FNDA:0,(anonymous_3)
FNDA:0,(anonymous_4)
FNDA:0,(anonymous_5)
FNDA:0,(anonymous_6)
FNDA:0,(anonymous_7)
FNDA:0,(anonymous_8)
DA:34,0
DA:35,0
DA:37,0
DA:39,0
DA:43,0
DA:46,0
DA:47,0
DA:48,0
DA:49,0
DA:50,0
DA:55,0
DA:58,0
DA:59,0
DA:65,0
DA:66,0
DA:68,0
DA:70,0
DA:73,0
DA:77,0
DA:78,0
DA:80,0
DA:82,0
DA:85,0
DA:89,0
DA:90,0
DA:92,0
DA:94,0
DA:97,0
DA:101,0
DA:118,0
LF:30
LH:0
BRDA:30,0,0,0
BRDA:31,1,0,0
BRDA:49,2,0,0
BRDA:49,2,1,0
BRDA:66,3,0,0
BRDA:66,3,1,0
BRDA:66,3,2,0
BRDA:66,3,3,0
BRDA:78,4,0,0
BRDA:78,4,1,0
BRDA:78,4,2,0
BRDA:78,4,3,0
BRDA:90,5,0,0
BRDA:90,5,1,0
BRDA:90,5,2,0
BRDA:90,5,3,0
BRF:16
BRH:0
end_of_record
TN:
SF:components/WatchlistCard.tsx
FN:28,WatchlistCard
FN:32,(anonymous_1)
FN:38,(anonymous_2)
FN:42,(anonymous_3)
FN:46,(anonymous_4)
FN:92,(anonymous_5)
FNF:6
FNH:2
FNDA:9,WatchlistCard
FNDA:9,(anonymous_1)
FNDA:0,(anonymous_2)
FNDA:0,(anonymous_3)
FNDA:0,(anonymous_4)
FNDA:0,(anonymous_5)
DA:29,9
DA:30,9
DA:32,9
DA:33,9
DA:38,9
DA:39,0
DA:42,9
DA:43,0
DA:46,9
DA:47,0
DA:48,0
DA:51,9
DA:93,0
DA:94,0
DA:95,0
DA:106,1
DA:108,1
LF:17
LH:10
BRDA:61,0,0,9
BRDA:61,0,1,0
BRDA:70,1,0,9
BRDA:70,1,1,0
BRDA:77,2,0,9
BRDA:77,2,1,1
BRDA:83,3,0,9
BRDA:83,3,1,1
BRDA:188,4,0,1
BRDA:188,4,1,0
BRF:10
BRH:7
end_of_record
TN:
SF:lib/cache.ts
FN:36,getCached
FN:67,setCached
FN:84,invalidateCache
FN:95,clearAllCache
FN:98,(anonymous_4)
FN:110,(anonymous_5)
FN:111,(anonymous_6)
FN:112,(anonymous_7)
FN:113,(anonymous_8)
FN:114,(anonymous_9)
FN:115,(anonymous_10)
FN:116,(anonymous_11)
FN:117,(anonymous_12)
FNF:13
FNH:13
FNDA:4,getCached
FNDA:2,setCached
FNDA:2,invalidateCache
FNDA:2,clearAllCache
FNDA:4,(anonymous_4)
FNDA:1,(anonymous_5)
FNDA:2,(anonymous_6)
FNDA:1,(anonymous_7)
FNDA:1,(anonymous_8)
FNDA:1,(anonymous_9)
FNDA:3,(anonymous_10)
FNDA:1,(anonymous_11)
FNDA:1,(anonymous_12)
DA:15,2
DA:20,2
DA:37,4
DA:38,4
DA:39,3
DA:40,1
DA:43,2
DA:44,2
DA:45,2
DA:48,2
DA:50,1
DA:51,1
DA:54,1
DA:56,1
DA:57,1
DA:68,2
DA:69,2
DA:74,2
DA:76,1
DA:85,2
DA:86,2
DA:88,1
DA:96,2
DA:97,2
DA:98,4
DA:99,1
DA:100,1
DA:102,1
DA:109,2
DA:110,1
DA:111,2
DA:112,1
DA:113,1
DA:114,1
DA:115,3
DA:116,1
DA:117,1
LF:37
LH:37
BRDA:39,0,0,1
BRDA:39,0,1,2
BRDA:48,1,0,1
BRDA:48,1,1,1
BRDA:111,2,0,2
BRDA:111,2,1,1
BRDA:112,3,0,0
BRDA:115,4,0,2
BRDA:116,5,0,0
BRF:9
BRH:7
end_of_record
TN:
SF:lib/region.ts
FN:15,getRegion
FNF:1
FNH:1
FNDA:12,getRegion
DA:9,10
DA:17,12
DA:18,2
DA:19,2
DA:22,10
DA:24,10
DA:25,9
DA:28,9
DA:29,8
DA:31,8
DA:32,2
DA:33,2
DA:34,2
DA:39,7
DA:40,7
DA:41,7
DA:42,7
DA:43,3
DA:45,3
DA:46,3
DA:47,3
DA:48,3
DA:54,4
DA:55,4
DA:56,4
DA:60,3
DA:61,2
DA:62,2
DA:64,2
DA:65,1
DA:66,1
DA:67,1
DA:68,1
DA:70,1
DA:73,1
DA:76,1
DA:80,3
DA:81,3
DA:82,3
DA:83,3
DA:85,1
DA:86,1
DA:87,1
LF:43
LH:43
BRDA:17,0,0,2
BRDA:17,0,1,10
BRDA:28,1,0,8
BRDA:28,1,1,1
BRDA:31,2,0,2
BRDA:31,2,1,6
BRDA:39,3,0,7
BRDA:39,3,1,0
BRDA:42,4,0,3
BRDA:42,4,1,4
BRDA:45,5,0,3
BRDA:45,5,1,0
BRDA:45,6,0,3
BRDA:45,6,1,3
BRDA:60,7,0,2
BRDA:60,7,1,1
BRDA:64,8,0,1
BRDA:64,8,1,1
BRDA:64,9,0,2
BRDA:64,9,1,1
BRDA:64,9,2,1
BRDA:80,10,0,3
BRDA:80,10,1,1
BRF:23
BRH:21
end_of_record
TN:
SF:lib/tmdb.ts
FN:146,(anonymous_0)
FN:159,(anonymous_1)
FN:167,(anonymous_2)
FN:175,(anonymous_3)
FN:183,(anonymous_4)
FN:198,(anonymous_5)
FN:226,(anonymous_6)
FN:262,(anonymous_7)
FN:292,(anonymous_8)
FN:310,(anonymous_9)
FN:334,(anonymous_10)
FN:392,(anonymous_11)
FN:407,(anonymous_12)
FN:422,(anonymous_13)
FN:450,(anonymous_14)
FN:481,(anonymous_15)
FN:486,(anonymous_16)
FN:487,(anonymous_17)
FN:488,(anonymous_18)
FN:506,(anonymous_19)
FN:514,(anonymous_20)
FN:517,(anonymous_21)
FN:523,(anonymous_22)
FN:528,(anonymous_23)
FN:535,(anonymous_24)
FNF:25
FNH:3
FNDA:1,(anonymous_0)
FNDA:6,(anonymous_1)
FNDA:6,(anonymous_2)
FNDA:0,(anonymous_3)
FNDA:0,(anonymous_4)
FNDA:0,(anonymous_5)
FNDA:0,(anonymous_6)
FNDA:0,(anonymous_7)
FNDA:0,(anonymous_8)
FNDA:0,(anonymous_9)
FNDA:0,(anonymous_10)
FNDA:0,(anonymous_11)
FNDA:0,(anonymous_12)
FNDA:0,(anonymous_13)
FNDA:0,(anonymous_14)
FNDA:0,(anonymous_15)
FNDA:0,(anonymous_16)
FNDA:0,(anonymous_17)
FNDA:0,(anonymous_18)
FNDA:0,(anonymous_19)
FNDA:0,(anonymous_20)
FNDA:0,(anonymous_21)
FNDA:0,(anonymous_22)
FNDA:0,(anonymous_23)
FNDA:0,(anonymous_24)
DA:125,1
DA:140,1
DA:147,1
DA:153,1
DA:160,6
DA:161,6
DA:168,6
DA:169,6
DA:176,0
DA:177,0
DA:184,0
DA:185,0
DA:188,0
DA:190,0
DA:191,0
DA:199,0
DA:201,0
DA:202,0
DA:203,0
DA:204,0
DA:205,0
DA:209,0
DA:210,0
DA:211,0
DA:214,0
DA:216,0
DA:218,0
DA:219,0
DA:227,0
DA:229,0
DA:230,0
DA:231,0
DA:232,0
DA:233,0
DA:237,0
DA:238,0
DA:245,0
DA:248,0
DA:250,0
DA:252,0
DA:253,0
DA:263,0
DA:265,0
DA:266,0
DA:267,0
DA:268,0
DA:269,0
DA:273,0
DA:274,0
DA:275,0
DA:276,0
DA:279,0
DA:281,0
DA:283,0
DA:284,0
DA:293,0
DA:294,0
DA:297,0
DA:298,0
DA:299,0
DA:300,0
DA:302,0
DA:303,0
DA:311,0
DA:312,0
DA:315,0
DA:316,0
DA:323,0
DA:325,0
DA:326,0
DA:335,0
DA:336,0
DA:343,0
DA:344,0
DA:348,0
DA:349,0
DA:353,0
DA:354,0
DA:358,0
DA:359,0
DA:363,0
DA:364,0
DA:365,0
DA:369,0
DA:370,0
DA:373,0
DA:377,0
DA:384,0
DA:385,0
DA:393,0
DA:394,0
DA:397,0
DA:399,0
DA:400,0
DA:408,0
DA:409,0
DA:412,0
DA:414,0
DA:415,0
DA:423,0
DA:425,0
DA:426,0
DA:427,0
DA:428,0
DA:429,0
DA:433,0
DA:434,0
DA:435,0
DA:438,0
DA:440,0
DA:442,0
DA:443,0
DA:451,0
DA:453,0
DA:454,0
DA:455,0
DA:456,0
DA:457,0
DA:461,0
DA:462,0
DA:463,0
DA:466,0
DA:468,0
DA:470,0
DA:471,0
DA:482,0
DA:484,0
DA:486,0
DA:487,0
DA:488,0
DA:491,0
DA:498,0
DA:499,0
DA:507,0
DA:516,0
DA:517,0
DA:519,0
DA:522,0
DA:523,0
DA:525,0
DA:528,0
DA:529,0
DA:536,0
DA:538,0
DA:539,0
DA:540,0
DA:541,0
DA:542,0
DA:546,0
DA:547,0
DA:550,0
DA:553,0
DA:555,0
DA:557,0
DA:558,0
DA:564,1
LF:156
LH:9
BRDA:159,0,0,0
BRDA:160,1,0,0
BRDA:160,1,1,6
BRDA:167,2,0,0
BRDA:175,3,0,0
BRDA:183,4,0,0
BRDA:183,5,0,0
BRDA:203,6,0,0
BRDA:203,6,1,0
BRDA:226,7,0,0
BRDA:231,8,0,0
BRDA:231,8,1,0
BRDA:267,9,0,0
BRDA:267,9,1,0
BRDA:274,10,0,0
BRDA:274,10,1,0
BRDA:293,11,0,0
BRDA:293,11,1,0
BRDA:310,12,0,0
BRDA:311,13,0,0
BRDA:311,13,1,0
BRDA:334,14,0,0
BRDA:337,15,0,0
BRDA:337,15,1,0
BRDA:343,16,0,0
BRDA:343,16,1,0
BRDA:343,17,0,0
BRDA:343,17,1,0
BRDA:348,18,0,0
BRDA:348,18,1,0
BRDA:353,19,0,0
BRDA:353,19,1,0
BRDA:358,20,0,0
BRDA:358,20,1,0
BRDA:363,21,0,0
BRDA:363,21,1,0
BRDA:365,22,0,0
BRDA:365,22,1,0
BRDA:369,23,0,0
BRDA:369,23,1,0
BRDA:392,24,0,0
BRDA:407,25,0,0
BRDA:427,26,0,0
BRDA:427,26,1,0
BRDA:455,27,0,0
BRDA:455,27,1,0
BRDA:506,28,0,0
BRDA:517,29,0,0
BRDA:517,29,1,0
BRDA:517,29,2,0
BRDA:519,30,0,0
BRDA:519,30,1,0
BRDA:523,31,0,0
BRDA:523,31,1,0
BRDA:525,32,0,0
BRDA:525,32,1,0
BRDA:529,33,0,0
BRDA:529,33,1,0
BRDA:535,34,0,0
BRDA:540,35,0,0
BRDA:540,35,1,0
BRF:61
BRH:1
end_of_record
TN:
SF:lib/toast.tsx
FN:21,ToastProvider
FN:24,(anonymous_1)
FN:28,(anonymous_2)
FN:47,useToast
FNF:4
FNH:0
FNDA:0,ToastProvider
FNDA:0,(anonymous_1)
FNDA:0,(anonymous_2)
FNDA:0,useToast
DA:19,0
DA:22,0
DA:24,0
DA:25,0
DA:28,0
DA:29,0
DA:32,0
DA:48,0
DA:49,0
DA:50,0
DA:52,0
LF:11
LH:0
BRDA:35,0,0,0
BRDA:35,0,1,0
BRDA:49,1,0,0
BRDA:49,1,1,0
BRF:4
BRH:0
end_of_record
TN:
SF:lib/watchlist.ts
FN:25,addToWatchlist
FN:33,(anonymous_1)
FN:62,removeFromWatchlist
FN:65,(anonymous_3)
FN:77,getWatchlist
FN:91,isInWatchlist
FN:94,(anonymous_6)
FN:104,clearWatchlist
FN:117,getWatchlistStats
FN:126,(anonymous_9)
FN:127,(anonymous_10)
FNF:11
FNH:11
FNDA:5,addToWatchlist
FNDA:2,(anonymous_1)
FNDA:2,removeFromWatchlist
FNDA:3,(anonymous_3)
FNDA:16,getWatchlist
FNDA:3,isInWatchlist
FNDA:2,(anonymous_6)
FNDA:2,clearWatchlist
FNDA:3,getWatchlistStats
FNDA:4,(anonymous_9)
FNDA:4,(anonymous_10)
DA:9,1
DA:29,5
DA:30,5
DA:33,5
DA:34,5
DA:35,1
DA:36,1
DA:39,4
DA:50,4
DA:51,4
DA:52,3
DA:54,1
DA:55,1
DA:63,2
DA:64,2
DA:65,3
DA:66,2
DA:67,1
DA:69,1
DA:70,1
DA:78,16
DA:79,16
DA:80,13
DA:81,8
DA:83,3
DA:84,3
DA:92,3
DA:93,3
DA:94,3
DA:96,0
DA:97,0
DA:105,2
DA:106,2
DA:107,1
DA:109,1
DA:110,1
DA:122,3
DA:123,3
DA:124,3
DA:126,4
DA:127,4
DA:130,0
DA:131,0
LF:43
LH:39
BRDA:27,0,0,0
BRDA:34,1,0,1
BRDA:34,1,1,4
BRDA:80,2,0,5
BRDA:80,2,1,8
BRF:5
BRH:4
end_of_record
